<?xml version="1.0" encoding="UTF-8"?>
<testsuite name="nl.tudelft.sem.template.authentication.authentication.JwtTokenGeneratorTests" tests="3" skipped="0" failures="0" errors="0" timestamp="2023-01-25T00:39:34" hostname="LAPTOP-VLADI2" time="0.658">
  <properties/>
  <testcase name="generatedTokenHasCorrectNetId()" classname="nl.tudelft.sem.template.authentication.authentication.JwtTokenGeneratorTests" time="0.648"/>
  <testcase name="generatedTokenHasCorrectExpirationDate()" classname="nl.tudelft.sem.template.authentication.authentication.JwtTokenGeneratorTests" time="0.007"/>
  <testcase name="generatedTokenHasCorrectIssuanceDate()" classname="nl.tudelft.sem.template.authentication.authentication.JwtTokenGeneratorTests" time="0.002"/>
  <system-out><![CDATA[]]></system-out>
  <system-err><![CDATA[]]></system-err>
</testsuite>
