<?xml version="1.0" encoding="UTF-8"?>
<testsuite name="nl.tudelft.sem.template.authentication.authentication.JwtUserDetailsServiceTests" tests="2" skipped="0" failures="0" errors="0" timestamp="2023-01-25T00:39:39" hostname="LAPTOP-VLADI2" time="1.98">
  <properties/>
  <testcase name="loadUserByUsername_withNonexistentUser_throwsException()" classname="nl.tudelft.sem.template.authentication.authentication.JwtUserDetailsServiceTests" time="1.039"/>
  <testcase name="loadUserByUsername_withValidUser_returnsCorrectUser()" classname="nl.tudelft.sem.template.authentication.authentication.JwtUserDetailsServiceTests" time="0.94"/>
  <system-out><![CDATA[01:39:35.186 [Test worker] DEBUG org.springframework.test.context.BootstrapUtils - Instantiating CacheAwareContextLoaderDelegate from class [org.springframework.test.context.cache.DefaultCacheAwareContextLoaderDelegate]
01:39:35.198 [Test worker] DEBUG org.springframework.test.context.BootstrapUtils - Instantiating BootstrapContext using constructor [public org.springframework.test.context.support.DefaultBootstrapContext(java.lang.Class,org.springframework.test.context.CacheAwareContextLoaderDelegate)]
01:39:35.220 [Test worker] DEBUG org.springframework.test.context.BootstrapUtils - Instantiating TestContextBootstrapper for test class [nl.tudelft.sem.template.authentication.authentication.JwtUserDetailsServiceTests] from class [org.springframework.boot.test.context.SpringBootTestContextBootstrapper]
01:39:35.232 [Test worker] INFO org.springframework.boot.test.context.SpringBootTestContextBootstrapper - Neither @ContextConfiguration nor @ContextHierarchy found for test class [nl.tudelft.sem.template.authentication.authentication.JwtUserDetailsServiceTests], using SpringBootContextLoader
01:39:35.236 [Test worker] DEBUG org.springframework.test.context.support.AbstractContextLoader - Did not detect default resource location for test class [nl.tudelft.sem.template.authentication.authentication.JwtUserDetailsServiceTests]: class path resource [nl/tudelft/sem/template/authentication/authentication/JwtUserDetailsServiceTests-context.xml] does not exist
01:39:35.237 [Test worker] DEBUG org.springframework.test.context.support.AbstractContextLoader - Did not detect default resource location for test class [nl.tudelft.sem.template.authentication.authentication.JwtUserDetailsServiceTests]: class path resource [nl/tudelft/sem/template/authentication/authentication/JwtUserDetailsServiceTestsContext.groovy] does not exist
01:39:35.237 [Test worker] INFO org.springframework.test.context.support.AbstractContextLoader - Could not detect default resource locations for test class [nl.tudelft.sem.template.authentication.authentication.JwtUserDetailsServiceTests]: no resource found for suffixes {-context.xml, Context.groovy}.
01:39:35.237 [Test worker] INFO org.springframework.test.context.support.AnnotationConfigContextLoaderUtils - Could not detect default configuration classes for test class [nl.tudelft.sem.template.authentication.authentication.JwtUserDetailsServiceTests]: JwtUserDetailsServiceTests does not declare any static, non-private, non-final, nested classes annotated with @Configuration.
01:39:35.317 [Test worker] DEBUG org.springframework.context.annotation.ClassPathScanningCandidateComponentProvider - Identified candidate component class: file [C:\Portable\Projects\SEM\SEM19a\authentication-microservice\build\classes\java\main\nl\tudelft\sem\template\authentication\Application.class]
01:39:35.318 [Test worker] INFO org.springframework.boot.test.context.SpringBootTestContextBootstrapper - Found @SpringBootConfiguration nl.tudelft.sem.template.authentication.Application for test class nl.tudelft.sem.template.authentication.authentication.JwtUserDetailsServiceTests
01:39:35.390 [Test worker] DEBUG org.springframework.boot.test.context.SpringBootTestContextBootstrapper - @TestExecutionListeners is not present for class [nl.tudelft.sem.template.authentication.authentication.JwtUserDetailsServiceTests]: using defaults.
01:39:35.391 [Test worker] INFO org.springframework.boot.test.context.SpringBootTestContextBootstrapper - Loaded default TestExecutionListener class names from location [META-INF/spring.factories]: [org.springframework.boot.test.autoconfigure.restdocs.RestDocsTestExecutionListener, org.springframework.boot.test.autoconfigure.web.client.MockRestServiceServerResetTestExecutionListener, org.springframework.boot.test.autoconfigure.web.servlet.MockMvcPrintOnlyOnFailureTestExecutionListener, org.springframework.boot.test.autoconfigure.web.servlet.WebDriverTestExecutionListener, org.springframework.boot.test.autoconfigure.webservices.client.MockWebServiceServerTestExecutionListener, org.springframework.boot.test.mock.mockito.MockitoTestExecutionListener, org.springframework.boot.test.mock.mockito.ResetMocksTestExecutionListener, org.springframework.test.context.web.ServletTestExecutionListener, org.springframework.test.context.support.DirtiesContextBeforeModesTestExecutionListener, org.springframework.test.context.support.DependencyInjectionTestExecutionListener, org.springframework.test.context.support.DirtiesContextTestExecutionListener, org.springframework.test.context.transaction.TransactionalTestExecutionListener, org.springframework.test.context.jdbc.SqlScriptsTestExecutionListener, org.springframework.test.context.event.EventPublishingTestExecutionListener]
01:39:35.404 [Test worker] INFO org.springframework.boot.test.context.SpringBootTestContextBootstrapper - Using TestExecutionListeners: [org.springframework.test.context.web.ServletTestExecutionListener@6e3eb0cd, org.springframework.test.context.support.DirtiesContextBeforeModesTestExecutionListener@463561c5, org.springframework.boot.test.mock.mockito.MockitoTestExecutionListener@659feb22, org.springframework.boot.test.autoconfigure.SpringBootDependencyInjectionTestExecutionListener@3468ee6e, org.springframework.test.context.support.DirtiesContextTestExecutionListener@2f4b98f6, org.springframework.test.context.transaction.TransactionalTestExecutionListener@421def93, org.springframework.test.context.jdbc.SqlScriptsTestExecutionListener@58c1da09, org.springframework.test.context.event.EventPublishingTestExecutionListener@2b2954e1, org.springframework.boot.test.autoconfigure.restdocs.RestDocsTestExecutionListener@58d6e55a, org.springframework.boot.test.autoconfigure.web.client.MockRestServiceServerResetTestExecutionListener@751ae8a4, org.springframework.boot.test.autoconfigure.web.servlet.MockMvcPrintOnlyOnFailureTestExecutionListener@235d659c, org.springframework.boot.test.autoconfigure.web.servlet.WebDriverTestExecutionListener@4232b34a, org.springframework.boot.test.autoconfigure.webservices.client.MockWebServiceServerTestExecutionListener@2da16263, org.springframework.boot.test.mock.mockito.ResetMocksTestExecutionListener@f5ce0bb]
01:39:35.406 [Test worker] DEBUG org.springframework.test.context.support.AbstractDirtiesContextTestExecutionListener - Before test class: context [DefaultTestContext@21eee94f testClass = JwtUserDetailsServiceTests, testInstance = [null], testMethod = [null], testException = [null], mergedContextConfiguration = [WebMergedContextConfiguration@6bc24e72 testClass = JwtUserDetailsServiceTests, locations = '{}', classes = '{class nl.tudelft.sem.template.authentication.Application}', contextInitializerClasses = '[]', activeProfiles = '{mockPasswordEncoder, test}', propertySourceLocations = '{}', propertySourceProperties = '{org.springframework.boot.test.context.SpringBootTestContextBootstrapper=true}', contextCustomizers = set[org.springframework.boot.test.autoconfigure.properties.PropertyMappingContextCustomizer@0, org.springframework.boot.test.autoconfigure.web.servlet.WebDriverContextCustomizerFactory$Customizer@2e645fbd, org.springframework.boot.test.context.filter.ExcludeFilterContextCustomizer@58434b19, org.springframework.boot.test.json.DuplicateJsonObjectContextCustomizerFactory$DuplicateJsonObjectContextCustomizer@4adc663e, org.springframework.boot.test.mock.mockito.MockitoContextCustomizer@0, org.springframework.boot.test.web.client.TestRestTemplateContextCustomizer@3c74aa0d, org.springframework.boot.test.context.SpringBootTestArgs@1, org.springframework.boot.test.context.SpringBootTestWebEnvironment@3c9c0d96], resourceBasePath = 'src/main/webapp', contextLoader = 'org.springframework.boot.test.context.SpringBootContextLoader', parent = [null]], attributes = map['org.springframework.test.context.web.ServletTestExecutionListener.activateListener' -> true]], class annotated with @DirtiesContext [true] with mode [BEFORE_EACH_TEST_METHOD].
01:39:35.425 [Test worker] DEBUG org.springframework.core.env.StandardEnvironment - Activating profiles [mockPasswordEncoder, test]
01:39:35.429 [Test worker] DEBUG org.springframework.test.context.support.TestPropertySourceUtils - Adding inlined properties to environment: {spring.jmx.enabled=false, org.springframework.boot.test.context.SpringBootTestContextBootstrapper=true}

  .   ____          _            __ _ _
 /\\ / ___'_ __ _ _(_)_ __  __ _ \ \ \ \
( ( )\___ | '_ | '_| | '_ \/ _` | \ \ \ \
 \\/  ___)| |_)| | | | | || (_| |  ) ) ) )
  '  |____| .__|_| |_|_| |_\__, | / / / /
 =========|_|==============|___/=/_/_/_/
 :: Spring Boot ::        (v2.3.5.RELEASE)

2023-01-25 01:39:35.676  INFO 34716 --- [    Test worker] n.t.s.t.a.a.JwtUserDetailsServiceTests   : Starting JwtUserDetailsServiceTests on LAPTOP-VLADI2 with PID 34716 (started by vladi in C:\Portable\Projects\SEM\SEM19a\authentication-microservice)
2023-01-25 01:39:35.677  INFO 34716 --- [    Test worker] n.t.s.t.a.a.JwtUserDetailsServiceTests   : The following profiles are active: mockPasswordEncoder,test
2023-01-25 01:39:36.130  INFO 34716 --- [    Test worker] .s.d.r.c.RepositoryConfigurationDelegate : Bootstrapping Spring Data JPA repositories in DEFAULT mode.
2023-01-25 01:39:36.185  INFO 34716 --- [    Test worker] .s.d.r.c.RepositoryConfigurationDelegate : Finished Spring Data repository scanning in 47ms. Found 1 JPA repository interfaces.
2023-01-25 01:39:36.825  INFO 34716 --- [    Test worker] o.hibernate.jpa.internal.util.LogHelper  : HHH000204: Processing PersistenceUnitInfo [name: default]
2023-01-25 01:39:36.883  INFO 34716 --- [    Test worker] org.hibernate.Version                    : HHH000412: Hibernate ORM core version 5.4.22.Final
2023-01-25 01:39:36.930  INFO 34716 --- [    Test worker] o.hibernate.annotations.common.Version   : HCANN000001: Hibernate Commons Annotations {5.1.0.Final}
2023-01-25 01:39:37.227  INFO 34716 --- [    Test worker] org.hibernate.dialect.Dialect            : HHH000400: Using dialect: org.hibernate.dialect.H2Dialect
2023-01-25 01:39:37.719  INFO 34716 --- [    Test worker] o.h.e.t.j.p.i.JtaPlatformInitiator       : HHH000490: Using JtaPlatform implementation: [org.hibernate.engine.transaction.jta.platform.internal.NoJtaPlatform]
2023-01-25 01:39:37.726  INFO 34716 --- [    Test worker] j.LocalContainerEntityManagerFactoryBean : Initialized JPA EntityManagerFactory for persistence unit 'default'
2023-01-25 01:39:38.156  WARN 34716 --- [    Test worker] JpaBaseConfiguration$JpaWebConfiguration : spring.jpa.open-in-view is enabled by default. Therefore, database queries may be performed during view rendering. Explicitly configure spring.jpa.open-in-view to disable this warning
2023-01-25 01:39:38.617  INFO 34716 --- [    Test worker] o.s.s.concurrent.ThreadPoolTaskExecutor  : Initializing ExecutorService 'applicationTaskExecutor'
2023-01-25 01:39:38.670  INFO 34716 --- [    Test worker] o.s.b.a.h2.H2ConsoleAutoConfiguration    : H2 console available at '/h2-console'. Database available at 'jdbc:h2:mem:myDb'
2023-01-25 01:39:39.131  INFO 34716 --- [    Test worker] o.s.s.web.DefaultSecurityFilterChain     : Creating filter chain: any request, [org.springframework.security.web.context.request.async.WebAsyncManagerIntegrationFilter@6287e312, org.springframework.security.web.context.SecurityContextPersistenceFilter@207358ad, org.springframework.security.web.header.HeaderWriterFilter@8d5b303, org.springframework.security.web.authentication.logout.LogoutFilter@28f7cca4, org.springframework.security.web.savedrequest.RequestCacheAwareFilter@492e9e87, org.springframework.security.web.servletapi.SecurityContextHolderAwareRequestFilter@58e2af93, org.springframework.security.web.authentication.AnonymousAuthenticationFilter@6a450cb5, org.springframework.security.web.session.SessionManagementFilter@6a9b8f33, org.springframework.security.web.access.ExceptionTranslationFilter@7c9b0c16, org.springframework.security.web.access.intercept.FilterSecurityInterceptor@5b132063]
2023-01-25 01:39:39.217  INFO 34716 --- [    Test worker] n.t.s.t.a.a.JwtUserDetailsServiceTests   : Started JwtUserDetailsServiceTests in 3.779 seconds (JVM running for 5.79)
2023-01-25 01:39:39.236  INFO 34716 --- [    Test worker] o.s.s.concurrent.ThreadPoolTaskExecutor  : Shutting down ExecutorService 'applicationTaskExecutor'
2023-01-25 01:39:39.236  INFO 34716 --- [    Test worker] j.LocalContainerEntityManagerFactoryBean : Closing JPA EntityManagerFactory for persistence unit 'default'
2023-01-25 01:39:39.237  INFO 34716 --- [    Test worker] .SchemaDropperImpl$DelayedDropActionImpl : HHH000477: Starting delayed evictData of schema as part of SessionFactory shut-down'

  .   ____          _            __ _ _
 /\\ / ___'_ __ _ _(_)_ __  __ _ \ \ \ \
( ( )\___ | '_ | '_| | '_ \/ _` | \ \ \ \
 \\/  ___)| |_)| | | | | || (_| |  ) ) ) )
  '  |____| .__|_| |_|_| |_\__, | / / / /
 =========|_|==============|___/=/_/_/_/
 :: Spring Boot ::        (v2.3.5.RELEASE)

2023-01-25 01:39:39.292  INFO 34716 --- [    Test worker] n.t.s.t.a.a.JwtUserDetailsServiceTests   : Starting JwtUserDetailsServiceTests on LAPTOP-VLADI2 with PID 34716 (started by vladi in C:\Portable\Projects\SEM\SEM19a\authentication-microservice)
2023-01-25 01:39:39.292  INFO 34716 --- [    Test worker] n.t.s.t.a.a.JwtUserDetailsServiceTests   : The following profiles are active: mockPasswordEncoder,test
2023-01-25 01:39:39.431  INFO 34716 --- [    Test worker] .s.d.r.c.RepositoryConfigurationDelegate : Bootstrapping Spring Data JPA repositories in DEFAULT mode.
2023-01-25 01:39:39.443  INFO 34716 --- [    Test worker] .s.d.r.c.RepositoryConfigurationDelegate : Finished Spring Data repository scanning in 11ms. Found 1 JPA repository interfaces.
2023-01-25 01:39:39.590  INFO 34716 --- [    Test worker] o.hibernate.jpa.internal.util.LogHelper  : HHH000204: Processing PersistenceUnitInfo [name: default]
2023-01-25 01:39:39.597  INFO 34716 --- [    Test worker] org.hibernate.dialect.Dialect            : HHH000400: Using dialect: org.hibernate.dialect.H2Dialect
2023-01-25 01:39:39.626  INFO 34716 --- [    Test worker] o.h.e.t.j.p.i.JtaPlatformInitiator       : HHH000490: Using JtaPlatform implementation: [org.hibernate.engine.transaction.jta.platform.internal.NoJtaPlatform]
2023-01-25 01:39:39.626  INFO 34716 --- [    Test worker] j.LocalContainerEntityManagerFactoryBean : Initialized JPA EntityManagerFactory for persistence unit 'default'
2023-01-25 01:39:39.730  WARN 34716 --- [    Test worker] JpaBaseConfiguration$JpaWebConfiguration : spring.jpa.open-in-view is enabled by default. Therefore, database queries may be performed during view rendering. Explicitly configure spring.jpa.open-in-view to disable this warning
2023-01-25 01:39:39.906  INFO 34716 --- [    Test worker] o.s.s.concurrent.ThreadPoolTaskExecutor  : Initializing ExecutorService 'applicationTaskExecutor'
2023-01-25 01:39:39.921  INFO 34716 --- [    Test worker] o.s.b.a.h2.H2ConsoleAutoConfiguration    : H2 console available at '/h2-console'. Database available at 'jdbc:h2:mem:myDb'
2023-01-25 01:39:40.134  INFO 34716 --- [    Test worker] o.s.s.web.DefaultSecurityFilterChain     : Creating filter chain: any request, [org.springframework.security.web.context.request.async.WebAsyncManagerIntegrationFilter@3fae1ec9, org.springframework.security.web.context.SecurityContextPersistenceFilter@5a0c0680, org.springframework.security.web.header.HeaderWriterFilter@2823bd30, org.springframework.security.web.authentication.logout.LogoutFilter@2df79942, org.springframework.security.web.savedrequest.RequestCacheAwareFilter@18d963be, org.springframework.security.web.servletapi.SecurityContextHolderAwareRequestFilter@2d2697a8, org.springframework.security.web.authentication.AnonymousAuthenticationFilter@331fe6d4, org.springframework.security.web.session.SessionManagementFilter@6e1a8e78, org.springframework.security.web.access.ExceptionTranslationFilter@1cdbc986, org.springframework.security.web.access.intercept.FilterSecurityInterceptor@47bcd95a]
2023-01-25 01:39:40.174  INFO 34716 --- [    Test worker] n.t.s.t.a.a.JwtUserDetailsServiceTests   : Started JwtUserDetailsServiceTests in 0.93 seconds (JVM running for 6.747)
Account (AnotherUser) was created.
2023-01-25 01:39:40.276  INFO 34716 --- [    Test worker] o.s.s.concurrent.ThreadPoolTaskExecutor  : Shutting down ExecutorService 'applicationTaskExecutor'
2023-01-25 01:39:40.276  INFO 34716 --- [    Test worker] j.LocalContainerEntityManagerFactoryBean : Closing JPA EntityManagerFactory for persistence unit 'default'
2023-01-25 01:39:40.276  INFO 34716 --- [    Test worker] .SchemaDropperImpl$DelayedDropActionImpl : HHH000477: Starting delayed evictData of schema as part of SessionFactory shut-down'

  .   ____          _            __ _ _
 /\\ / ___'_ __ _ _(_)_ __  __ _ \ \ \ \
( ( )\___ | '_ | '_| | '_ \/ _` | \ \ \ \
 \\/  ___)| |_)| | | | | || (_| |  ) ) ) )
  '  |____| .__|_| |_|_| |_\__, | / / / /
 =========|_|==============|___/=/_/_/_/
 :: Spring Boot ::        (v2.3.5.RELEASE)

2023-01-25 01:39:40.324  INFO 34716 --- [    Test worker] n.t.s.t.a.a.JwtUserDetailsServiceTests   : Starting JwtUserDetailsServiceTests on LAPTOP-VLADI2 with PID 34716 (started by vladi in C:\Portable\Projects\SEM\SEM19a\authentication-microservice)
2023-01-25 01:39:40.325  INFO 34716 --- [    Test worker] n.t.s.t.a.a.JwtUserDetailsServiceTests   : The following profiles are active: mockPasswordEncoder,test
2023-01-25 01:39:40.447  INFO 34716 --- [    Test worker] .s.d.r.c.RepositoryConfigurationDelegate : Bootstrapping Spring Data JPA repositories in DEFAULT mode.
2023-01-25 01:39:40.458  INFO 34716 --- [    Test worker] .s.d.r.c.RepositoryConfigurationDelegate : Finished Spring Data repository scanning in 11ms. Found 1 JPA repository interfaces.
2023-01-25 01:39:40.605  INFO 34716 --- [    Test worker] o.hibernate.jpa.internal.util.LogHelper  : HHH000204: Processing PersistenceUnitInfo [name: default]
2023-01-25 01:39:40.611  INFO 34716 --- [    Test worker] org.hibernate.dialect.Dialect            : HHH000400: Using dialect: org.hibernate.dialect.H2Dialect
2023-01-25 01:39:40.639  INFO 34716 --- [    Test worker] o.h.e.t.j.p.i.JtaPlatformInitiator       : HHH000490: Using JtaPlatform implementation: [org.hibernate.engine.transaction.jta.platform.internal.NoJtaPlatform]
2023-01-25 01:39:40.639  INFO 34716 --- [    Test worker] j.LocalContainerEntityManagerFactoryBean : Initialized JPA EntityManagerFactory for persistence unit 'default'
2023-01-25 01:39:40.729  WARN 34716 --- [    Test worker] JpaBaseConfiguration$JpaWebConfiguration : spring.jpa.open-in-view is enabled by default. Therefore, database queries may be performed during view rendering. Explicitly configure spring.jpa.open-in-view to disable this warning
2023-01-25 01:39:40.930  INFO 34716 --- [    Test worker] o.s.s.concurrent.ThreadPoolTaskExecutor  : Initializing ExecutorService 'applicationTaskExecutor'
2023-01-25 01:39:40.943  INFO 34716 --- [    Test worker] o.s.b.a.h2.H2ConsoleAutoConfiguration    : H2 console available at '/h2-console'. Database available at 'jdbc:h2:mem:myDb'
2023-01-25 01:39:41.153  INFO 34716 --- [    Test worker] o.s.s.web.DefaultSecurityFilterChain     : Creating filter chain: any request, [org.springframework.security.web.context.request.async.WebAsyncManagerIntegrationFilter@bd8f424, org.springframework.security.web.context.SecurityContextPersistenceFilter@6ec5c4e2, org.springframework.security.web.header.HeaderWriterFilter@3a7be6e6, org.springframework.security.web.authentication.logout.LogoutFilter@223e51e4, org.springframework.security.web.savedrequest.RequestCacheAwareFilter@1934a7c1, org.springframework.security.web.servletapi.SecurityContextHolderAwareRequestFilter@7c9d2ed7, org.springframework.security.web.authentication.AnonymousAuthenticationFilter@620ba2b0, org.springframework.security.web.session.SessionManagementFilter@33c590, org.springframework.security.web.access.ExceptionTranslationFilter@4086e003, org.springframework.security.web.access.intercept.FilterSecurityInterceptor@3c3a8246]
2023-01-25 01:39:41.195  INFO 34716 --- [    Test worker] n.t.s.t.a.a.JwtUserDetailsServiceTests   : Started JwtUserDetailsServiceTests in 0.913 seconds (JVM running for 7.767)
Account (SomeUser) was created.
]]></system-out>
  <system-err><![CDATA[]]></system-err>
</testsuite>
