<?xml version="1.0" encoding="UTF-8"?>
<testsuite name="nl.tudelft.sem.hoa.unit.AddressTest" tests="9" skipped="0" failures="0" errors="0" timestamp="2023-01-25T00:41:40" hostname="LAPTOP-VLADI2" time="0.002">
  <properties/>
  <testcase name="testEquals2()" classname="nl.tudelft.sem.hoa.unit.AddressTest" time="0.0"/>
  <testcase name="testToString()" classname="nl.tudelft.sem.hoa.unit.AddressTest" time="0.0"/>
  <testcase name="getCity()" classname="nl.tudelft.sem.hoa.unit.AddressTest" time="0.0"/>
  <testcase name="getHouseNumber()" classname="nl.tudelft.sem.hoa.unit.AddressTest" time="0.0"/>
  <testcase name="getStreet()" classname="nl.tudelft.sem.hoa.unit.AddressTest" time="0.0"/>
  <testcase name="testHashCode()" classname="nl.tudelft.sem.hoa.unit.AddressTest" time="0.0"/>
  <testcase name="testEquals()" classname="nl.tudelft.sem.hoa.unit.AddressTest" time="0.0"/>
  <testcase name="getPostalCode()" classname="nl.tudelft.sem.hoa.unit.AddressTest" time="0.0"/>
  <testcase name="getCountry()" classname="nl.tudelft.sem.hoa.unit.AddressTest" time="0.0"/>
  <system-out><![CDATA[]]></system-out>
  <system-err><![CDATA[]]></system-err>
</testsuite>
