<?xml version="1.0" encoding="UTF-8"?>
<testsuite name="nl.tudelft.sem.hoa.integration.RuleRepositoryTest" tests="1" skipped="0" failures="0" errors="0" timestamp="2023-01-25T00:41:35" hostname="LAPTOP-VLADI2" time="0.038">
  <properties/>
  <testcase name="repTest()" classname="nl.tudelft.sem.hoa.integration.RuleRepositoryTest" time="0.038"/>
  <system-out><![CDATA[2023-01-25 01:41:35.141  INFO 2240 --- [    Test worker] .b.t.c.SpringBootTestContextBootstrapper : Neither @ContextConfiguration nor @ContextHierarchy found for test class [nl.tudelft.sem.hoa.integration.RuleRepositoryTest], using SpringBootContextLoader
2023-01-25 01:41:35.142  INFO 2240 --- [    Test worker] o.s.t.c.support.AbstractContextLoader    : Could not detect default resource locations for test class [nl.tudelft.sem.hoa.integration.RuleRepositoryTest]: no resource found for suffixes {-context.xml, Context.groovy}.
2023-01-25 01:41:35.142  INFO 2240 --- [    Test worker] t.c.s.AnnotationConfigContextLoaderUtils : Could not detect default configuration classes for test class [nl.tudelft.sem.hoa.integration.RuleRepositoryTest]: RuleRepositoryTest does not declare any static, non-private, non-final, nested classes annotated with @Configuration.
2023-01-25 01:41:35.144  INFO 2240 --- [    Test worker] .b.t.c.SpringBootTestContextBootstrapper : Found @SpringBootConfiguration nl.tudelft.sem.hoa.Application for test class nl.tudelft.sem.hoa.integration.RuleRepositoryTest
2023-01-25 01:41:35.144  INFO 2240 --- [    Test worker] .b.t.c.SpringBootTestContextBootstrapper : Loaded default TestExecutionListener class names from location [META-INF/spring.factories]: [org.springframework.boot.test.autoconfigure.restdocs.RestDocsTestExecutionListener, org.springframework.boot.test.autoconfigure.web.client.MockRestServiceServerResetTestExecutionListener, org.springframework.boot.test.autoconfigure.web.servlet.MockMvcPrintOnlyOnFailureTestExecutionListener, org.springframework.boot.test.autoconfigure.web.servlet.WebDriverTestExecutionListener, org.springframework.boot.test.autoconfigure.webservices.client.MockWebServiceServerTestExecutionListener, org.springframework.boot.test.mock.mockito.MockitoTestExecutionListener, org.springframework.boot.test.mock.mockito.ResetMocksTestExecutionListener, org.springframework.test.context.web.ServletTestExecutionListener, org.springframework.test.context.support.DirtiesContextBeforeModesTestExecutionListener, org.springframework.test.context.support.DependencyInjectionTestExecutionListener, org.springframework.test.context.support.DirtiesContextTestExecutionListener, org.springframework.test.context.transaction.TransactionalTestExecutionListener, org.springframework.test.context.jdbc.SqlScriptsTestExecutionListener, org.springframework.test.context.event.EventPublishingTestExecutionListener]
2023-01-25 01:41:35.146  INFO 2240 --- [    Test worker] .b.t.c.SpringBootTestContextBootstrapper : Using TestExecutionListeners: [org.springframework.test.context.web.ServletTestExecutionListener@969dbc0, org.springframework.test.context.support.DirtiesContextBeforeModesTestExecutionListener@6d140a21, org.springframework.boot.test.mock.mockito.MockitoTestExecutionListener@597ef45e, org.springframework.boot.test.autoconfigure.SpringBootDependencyInjectionTestExecutionListener@107a65c4, org.springframework.test.context.support.DirtiesContextTestExecutionListener@570a1bd0, org.springframework.test.context.transaction.TransactionalTestExecutionListener@1a825612, org.springframework.test.context.jdbc.SqlScriptsTestExecutionListener@34f09d18, org.springframework.test.context.event.EventPublishingTestExecutionListener@77e78a07, org.springframework.boot.test.autoconfigure.restdocs.RestDocsTestExecutionListener@7034cbb0, org.springframework.boot.test.autoconfigure.web.client.MockRestServiceServerResetTestExecutionListener@788e3162, org.springframework.boot.test.autoconfigure.web.servlet.MockMvcPrintOnlyOnFailureTestExecutionListener@48266b36, org.springframework.boot.test.autoconfigure.web.servlet.WebDriverTestExecutionListener@3da6787, org.springframework.boot.test.autoconfigure.webservices.client.MockWebServiceServerTestExecutionListener@55654507, org.springframework.boot.test.mock.mockito.ResetMocksTestExecutionListener@5ce97be8]
2023-01-25 01:41:35.148  INFO 2240 --- [    Test worker] o.s.t.c.transaction.TransactionContext   : Began transaction (1) for test context [DefaultTestContext@254f740c testClass = RuleRepositoryTest, testInstance = nl.tudelft.sem.hoa.integration.RuleRepositoryTest@4841fc09, testMethod = repTest@RuleRepositoryTest, testException = [null], mergedContextConfiguration = [WebMergedContextConfiguration@7408982 testClass = RuleRepositoryTest, locations = '{}', classes = '{class nl.tudelft.sem.hoa.Application}', contextInitializerClasses = '[]', activeProfiles = '{}', propertySourceLocations = '{}', propertySourceProperties = '{org.springframework.boot.test.context.SpringBootTestContextBootstrapper=true}', contextCustomizers = set[org.springframework.boot.test.autoconfigure.properties.PropertyMappingContextCustomizer@0, org.springframework.boot.test.autoconfigure.web.servlet.WebDriverContextCustomizerFactory$Customizer@36ad229b, org.springframework.boot.test.context.filter.ExcludeFilterContextCustomizer@73bb1337, org.springframework.boot.test.json.DuplicateJsonObjectContextCustomizerFactory$DuplicateJsonObjectContextCustomizer@3e28d779, org.springframework.boot.test.mock.mockito.MockitoContextCustomizer@0, org.springframework.boot.test.web.client.TestRestTemplateContextCustomizer@14b275bd, org.springframework.boot.test.context.SpringBootTestArgs@1, org.springframework.boot.test.context.SpringBootTestWebEnvironment@379ab47b], resourceBasePath = 'src/main/webapp', contextLoader = 'org.springframework.boot.test.context.SpringBootContextLoader', parent = [null]], attributes = map['org.springframework.test.context.web.ServletTestExecutionListener.activateListener' -> true, 'org.springframework.test.context.web.ServletTestExecutionListener.populatedRequestContextHolder' -> true, 'org.springframework.test.context.web.ServletTestExecutionListener.resetRequestContextHolder' -> true]]; transaction manager [org.springframework.orm.jpa.JpaTransactionManager@15814435]; rollback [true]
2023-01-25 01:41:35.184  INFO 2240 --- [    Test worker] o.s.t.c.transaction.TransactionContext   : Rolled back transaction for test: [DefaultTestContext@254f740c testClass = RuleRepositoryTest, testInstance = nl.tudelft.sem.hoa.integration.RuleRepositoryTest@4841fc09, testMethod = repTest@RuleRepositoryTest, testException = [null], mergedContextConfiguration = [WebMergedContextConfiguration@7408982 testClass = RuleRepositoryTest, locations = '{}', classes = '{class nl.tudelft.sem.hoa.Application}', contextInitializerClasses = '[]', activeProfiles = '{}', propertySourceLocations = '{}', propertySourceProperties = '{org.springframework.boot.test.context.SpringBootTestContextBootstrapper=true}', contextCustomizers = set[org.springframework.boot.test.autoconfigure.properties.PropertyMappingContextCustomizer@0, org.springframework.boot.test.autoconfigure.web.servlet.WebDriverContextCustomizerFactory$Customizer@36ad229b, org.springframework.boot.test.context.filter.ExcludeFilterContextCustomizer@73bb1337, org.springframework.boot.test.json.DuplicateJsonObjectContextCustomizerFactory$DuplicateJsonObjectContextCustomizer@3e28d779, org.springframework.boot.test.mock.mockito.MockitoContextCustomizer@0, org.springframework.boot.test.web.client.TestRestTemplateContextCustomizer@14b275bd, org.springframework.boot.test.context.SpringBootTestArgs@1, org.springframework.boot.test.context.SpringBootTestWebEnvironment@379ab47b], resourceBasePath = 'src/main/webapp', contextLoader = 'org.springframework.boot.test.context.SpringBootContextLoader', parent = [null]], attributes = map['org.springframework.test.context.web.ServletTestExecutionListener.activateListener' -> true, 'org.springframework.test.context.web.ServletTestExecutionListener.populatedRequestContextHolder' -> true, 'org.springframework.test.context.web.ServletTestExecutionListener.resetRequestContextHolder' -> true]]
]]></system-out>
  <system-err><![CDATA[]]></system-err>
</testsuite>
