<?xml version="1.0" encoding="UTF-8"?>
<testsuite name="nl.tudelft.sem.hoa.unit.HoaWasCreatedEventTest" tests="1" skipped="0" failures="0" errors="0" timestamp="2023-01-25T00:41:40" hostname="LAPTOP-VLADI2" time="0.0">
  <properties/>
  <testcase name="testGetHoaId()" classname="nl.tudelft.sem.hoa.unit.HoaWasCreatedEventTest" time="0.0"/>
  <system-out><![CDATA[]]></system-out>
  <system-err><![CDATA[]]></system-err>
</testsuite>
