<?xml version="1.0" encoding="UTF-8"?>
<testsuite name="nl.tudelft.sem.hoa.integration.MemberRepositoryTest" tests="1" skipped="0" failures="0" errors="0" timestamp="2023-01-25T00:41:23" hostname="LAPTOP-VLADI2" time="0.127">
  <properties/>
  <testcase name="repTest()" classname="nl.tudelft.sem.hoa.integration.MemberRepositoryTest" time="0.127"/>
  <system-out><![CDATA[2023-01-25 01:41:23.477  INFO 2240 --- [    Test worker] .b.t.c.SpringBootTestContextBootstrapper : Neither @ContextConfiguration nor @ContextHierarchy found for test class [nl.tudelft.sem.hoa.integration.MemberRepositoryTest], using SpringBootContextLoader
2023-01-25 01:41:23.478  INFO 2240 --- [    Test worker] o.s.t.c.support.AbstractContextLoader    : Could not detect default resource locations for test class [nl.tudelft.sem.hoa.integration.MemberRepositoryTest]: no resource found for suffixes {-context.xml, Context.groovy}.
2023-01-25 01:41:23.478  INFO 2240 --- [    Test worker] t.c.s.AnnotationConfigContextLoaderUtils : Could not detect default configuration classes for test class [nl.tudelft.sem.hoa.integration.MemberRepositoryTest]: MemberRepositoryTest does not declare any static, non-private, non-final, nested classes annotated with @Configuration.
2023-01-25 01:41:23.480  INFO 2240 --- [    Test worker] .b.t.c.SpringBootTestContextBootstrapper : Found @SpringBootConfiguration nl.tudelft.sem.hoa.Application for test class nl.tudelft.sem.hoa.integration.MemberRepositoryTest
2023-01-25 01:41:23.483  INFO 2240 --- [    Test worker] .b.t.c.SpringBootTestContextBootstrapper : Loaded default TestExecutionListener class names from location [META-INF/spring.factories]: [org.springframework.boot.test.autoconfigure.restdocs.RestDocsTestExecutionListener, org.springframework.boot.test.autoconfigure.web.client.MockRestServiceServerResetTestExecutionListener, org.springframework.boot.test.autoconfigure.web.servlet.MockMvcPrintOnlyOnFailureTestExecutionListener, org.springframework.boot.test.autoconfigure.web.servlet.WebDriverTestExecutionListener, org.springframework.boot.test.autoconfigure.webservices.client.MockWebServiceServerTestExecutionListener, org.springframework.boot.test.mock.mockito.MockitoTestExecutionListener, org.springframework.boot.test.mock.mockito.ResetMocksTestExecutionListener, org.springframework.test.context.web.ServletTestExecutionListener, org.springframework.test.context.support.DirtiesContextBeforeModesTestExecutionListener, org.springframework.test.context.support.DependencyInjectionTestExecutionListener, org.springframework.test.context.support.DirtiesContextTestExecutionListener, org.springframework.test.context.transaction.TransactionalTestExecutionListener, org.springframework.test.context.jdbc.SqlScriptsTestExecutionListener, org.springframework.test.context.event.EventPublishingTestExecutionListener]
2023-01-25 01:41:23.483  INFO 2240 --- [    Test worker] .b.t.c.SpringBootTestContextBootstrapper : Using TestExecutionListeners: [org.springframework.test.context.web.ServletTestExecutionListener@219ee0d5, org.springframework.test.context.support.DirtiesContextBeforeModesTestExecutionListener@ac8b0e5, org.springframework.boot.test.mock.mockito.MockitoTestExecutionListener@2d0d3271, org.springframework.boot.test.autoconfigure.SpringBootDependencyInjectionTestExecutionListener@2a4bff06, org.springframework.test.context.support.DirtiesContextTestExecutionListener@7c053ad2, org.springframework.test.context.transaction.TransactionalTestExecutionListener@3305e22f, org.springframework.test.context.jdbc.SqlScriptsTestExecutionListener@775fc084, org.springframework.test.context.event.EventPublishingTestExecutionListener@219a2a6, org.springframework.boot.test.autoconfigure.restdocs.RestDocsTestExecutionListener@579fdb9d, org.springframework.boot.test.autoconfigure.web.client.MockRestServiceServerResetTestExecutionListener@4b975fdb, org.springframework.boot.test.autoconfigure.web.servlet.MockMvcPrintOnlyOnFailureTestExecutionListener@42c5edcd, org.springframework.boot.test.autoconfigure.web.servlet.WebDriverTestExecutionListener@d067ba1, org.springframework.boot.test.autoconfigure.webservices.client.MockWebServiceServerTestExecutionListener@24ec1aaf, org.springframework.boot.test.mock.mockito.ResetMocksTestExecutionListener@5574f06e]
]]></system-out>
  <system-err><![CDATA[]]></system-err>
</testsuite>
