<?xml version="1.0" encoding="UTF-8"?>
<testsuite name="nl.tudelft.sem.hoa.unit.HoaTest" tests="8" skipped="0" failures="0" errors="0" timestamp="2023-01-25T00:41:40" hostname="LAPTOP-VLADI2" time="0.002">
  <properties/>
  <testcase name="testGetHoaId()" classname="nl.tudelft.sem.hoa.unit.HoaTest" time="0.0"/>
  <testcase name="testEqualsFalse()" classname="nl.tudelft.sem.hoa.unit.HoaTest" time="0.0"/>
  <testcase name="testToString()" classname="nl.tudelft.sem.hoa.unit.HoaTest" time="0.001"/>
  <testcase name="testGetCity()" classname="nl.tudelft.sem.hoa.unit.HoaTest" time="0.0"/>
  <testcase name="testGetIdReflexivity()" classname="nl.tudelft.sem.hoa.unit.HoaTest" time="0.0"/>
  <testcase name="testHashCode()" classname="nl.tudelft.sem.hoa.unit.HoaTest" time="0.0"/>
  <testcase name="testGetCountry()" classname="nl.tudelft.sem.hoa.unit.HoaTest" time="0.0"/>
  <testcase name="testEquals()" classname="nl.tudelft.sem.hoa.unit.HoaTest" time="0.0"/>
  <system-out><![CDATA[]]></system-out>
  <system-err><![CDATA[]]></system-err>
</testsuite>
