<?xml version="1.0" encoding="UTF-8"?>
<testsuite name="nl.tudelft.sem.hoa.domain.elections.ElectionTests" tests="17" skipped="0" failures="0" errors="0" timestamp="2023-01-25T00:40:30" hostname="LAPTOP-VLADI2" time="0.032">
  <properties/>
  <testcase name="constructorGetter1()" classname="nl.tudelft.sem.hoa.domain.elections.ElectionTests" time="0.002"/>
  <testcase name="constructorGetter2()" classname="nl.tudelft.sem.hoa.domain.elections.ElectionTests" time="0.002"/>
  <testcase name="equalsTest1()" classname="nl.tudelft.sem.hoa.domain.elections.ElectionTests" time="0.001"/>
  <testcase name="equalsTest2()" classname="nl.tudelft.sem.hoa.domain.elections.ElectionTests" time="0.002"/>
  <testcase name="equalsTest3()" classname="nl.tudelft.sem.hoa.domain.elections.ElectionTests" time="0.001"/>
  <testcase name="equalsTest4()" classname="nl.tudelft.sem.hoa.domain.elections.ElectionTests" time="0.001"/>
  <testcase name="equalsTest5()" classname="nl.tudelft.sem.hoa.domain.elections.ElectionTests" time="0.002"/>
  <testcase name="equalsTest6()" classname="nl.tudelft.sem.hoa.domain.elections.ElectionTests" time="0.001"/>
  <testcase name="updateVotes1()" classname="nl.tudelft.sem.hoa.domain.elections.ElectionTests" time="0.002"/>
  <testcase name="updateVote1()" classname="nl.tudelft.sem.hoa.domain.elections.ElectionTests" time="0.002"/>
  <testcase name="updateVote2()" classname="nl.tudelft.sem.hoa.domain.elections.ElectionTests" time="0.001"/>
  <testcase name="resultTest1()" classname="nl.tudelft.sem.hoa.domain.elections.ElectionTests" time="0.002"/>
  <testcase name="resultTest2()" classname="nl.tudelft.sem.hoa.domain.elections.ElectionTests" time="0.002"/>
  <testcase name="resultTest3()" classname="nl.tudelft.sem.hoa.domain.elections.ElectionTests" time="0.002"/>
  <testcase name="resultTest4()" classname="nl.tudelft.sem.hoa.domain.elections.ElectionTests" time="0.002"/>
  <testcase name="resultTest5()" classname="nl.tudelft.sem.hoa.domain.elections.ElectionTests" time="0.002"/>
  <testcase name="emptyResult()" classname="nl.tudelft.sem.hoa.domain.elections.ElectionTests" time="0.002"/>
  <system-out><![CDATA[2023-01-25 01:40:30.150  INFO 2240 --- [    Test worker] .b.t.c.SpringBootTestContextBootstrapper : Neither @ContextConfiguration nor @ContextHierarchy found for test class [nl.tudelft.sem.hoa.domain.elections.ElectionTests], using SpringBootContextLoader
2023-01-25 01:40:30.151  INFO 2240 --- [    Test worker] o.s.t.c.support.AbstractContextLoader    : Could not detect default resource locations for test class [nl.tudelft.sem.hoa.domain.elections.ElectionTests]: no resource found for suffixes {-context.xml, Context.groovy}.
2023-01-25 01:40:30.151  INFO 2240 --- [    Test worker] t.c.s.AnnotationConfigContextLoaderUtils : Could not detect default configuration classes for test class [nl.tudelft.sem.hoa.domain.elections.ElectionTests]: ElectionTests does not declare any static, non-private, non-final, nested classes annotated with @Configuration.
2023-01-25 01:40:30.152  INFO 2240 --- [    Test worker] .b.t.c.SpringBootTestContextBootstrapper : Found @SpringBootConfiguration nl.tudelft.sem.hoa.Application for test class nl.tudelft.sem.hoa.domain.elections.ElectionTests
2023-01-25 01:40:30.152  INFO 2240 --- [    Test worker] .b.t.c.SpringBootTestContextBootstrapper : Loaded default TestExecutionListener class names from location [META-INF/spring.factories]: [org.springframework.boot.test.autoconfigure.restdocs.RestDocsTestExecutionListener, org.springframework.boot.test.autoconfigure.web.client.MockRestServiceServerResetTestExecutionListener, org.springframework.boot.test.autoconfigure.web.servlet.MockMvcPrintOnlyOnFailureTestExecutionListener, org.springframework.boot.test.autoconfigure.web.servlet.WebDriverTestExecutionListener, org.springframework.boot.test.autoconfigure.webservices.client.MockWebServiceServerTestExecutionListener, org.springframework.boot.test.mock.mockito.MockitoTestExecutionListener, org.springframework.boot.test.mock.mockito.ResetMocksTestExecutionListener, org.springframework.test.context.web.ServletTestExecutionListener, org.springframework.test.context.support.DirtiesContextBeforeModesTestExecutionListener, org.springframework.test.context.support.DependencyInjectionTestExecutionListener, org.springframework.test.context.support.DirtiesContextTestExecutionListener, org.springframework.test.context.transaction.TransactionalTestExecutionListener, org.springframework.test.context.jdbc.SqlScriptsTestExecutionListener, org.springframework.test.context.event.EventPublishingTestExecutionListener]
2023-01-25 01:40:30.153  INFO 2240 --- [    Test worker] .b.t.c.SpringBootTestContextBootstrapper : Using TestExecutionListeners: [org.springframework.test.context.web.ServletTestExecutionListener@6ae065fe, org.springframework.test.context.support.DirtiesContextBeforeModesTestExecutionListener@19583ef8, org.springframework.boot.test.mock.mockito.MockitoTestExecutionListener@7b4c5fc9, org.springframework.boot.test.autoconfigure.SpringBootDependencyInjectionTestExecutionListener@7ea7f02b, org.springframework.test.context.support.DirtiesContextTestExecutionListener@1781a594, org.springframework.test.context.transaction.TransactionalTestExecutionListener@4f76e662, org.springframework.test.context.jdbc.SqlScriptsTestExecutionListener@56dd5a52, org.springframework.test.context.event.EventPublishingTestExecutionListener@17bace0a, org.springframework.boot.test.autoconfigure.restdocs.RestDocsTestExecutionListener@d8d746c, org.springframework.boot.test.autoconfigure.web.client.MockRestServiceServerResetTestExecutionListener@75b0c649, org.springframework.boot.test.autoconfigure.web.servlet.MockMvcPrintOnlyOnFailureTestExecutionListener@49830d67, org.springframework.boot.test.autoconfigure.web.servlet.WebDriverTestExecutionListener@80850c3, org.springframework.boot.test.autoconfigure.webservices.client.MockWebServiceServerTestExecutionListener@6e406bba, org.springframework.boot.test.mock.mockito.ResetMocksTestExecutionListener@1d316ab5]
]]></system-out>
  <system-err><![CDATA[]]></system-err>
</testsuite>
