<?xml version="1.0" encoding="UTF-8"?>
<testsuite name="nl.tudelft.sem.hoa.authentication.JwtAuthenticationEntryPointTests" tests="1" skipped="0" failures="0" errors="0" timestamp="2023-01-25T00:40:02" hostname="LAPTOP-VLADI2" time="0.454">
  <properties/>
  <testcase name="commenceTest()" classname="nl.tudelft.sem.hoa.authentication.JwtAuthenticationEntryPointTests" time="0.454"/>
  <system-out><![CDATA[]]></system-out>
  <system-err><![CDATA[]]></system-err>
</testsuite>
