<?xml version="1.0" encoding="UTF-8"?>
<testsuite name="nl.tudelft.sem.hoa.unit.HoaIdTest" tests="4" skipped="0" failures="0" errors="0" timestamp="2023-01-25T00:41:40" hostname="LAPTOP-VLADI2" time="0.0">
  <properties/>
  <testcase name="testEqualsFalse()" classname="nl.tudelft.sem.hoa.unit.HoaIdTest" time="0.0"/>
  <testcase name="testToString()" classname="nl.tudelft.sem.hoa.unit.HoaIdTest" time="0.0"/>
  <testcase name="testHashCode()" classname="nl.tudelft.sem.hoa.unit.HoaIdTest" time="0.0"/>
  <testcase name="testEquals()" classname="nl.tudelft.sem.hoa.unit.HoaIdTest" time="0.0"/>
  <system-out><![CDATA[]]></system-out>
  <system-err><![CDATA[]]></system-err>
</testsuite>
