<?xml version="1.0" encoding="UTF-8"?>
<testsuite name="nl.tudelft.sem.hoa.unit.MemberAppUserTest" tests="9" skipped="0" failures="0" errors="0" timestamp="2023-01-25T00:41:40" hostname="LAPTOP-VLADI2" time="0.002">
  <properties/>
  <testcase name="testGetHoaId()" classname="nl.tudelft.sem.hoa.unit.MemberAppUserTest" time="0.0"/>
  <testcase name="testGetNetId()" classname="nl.tudelft.sem.hoa.unit.MemberAppUserTest" time="0.0"/>
  <testcase name="testIsBoardMember()" classname="nl.tudelft.sem.hoa.unit.MemberAppUserTest" time="0.001"/>
  <testcase name="testSetBoardMember()" classname="nl.tudelft.sem.hoa.unit.MemberAppUserTest" time="0.0"/>
  <testcase name="testToString()" classname="nl.tudelft.sem.hoa.unit.MemberAppUserTest" time="0.0"/>
  <testcase name="testHashCodeReflexivity()" classname="nl.tudelft.sem.hoa.unit.MemberAppUserTest" time="0.0"/>
  <testcase name="testEqualsReflexivity()" classname="nl.tudelft.sem.hoa.unit.MemberAppUserTest" time="0.001"/>
  <testcase name="testIsNotBoardMember()" classname="nl.tudelft.sem.hoa.unit.MemberAppUserTest" time="0.0"/>
  <testcase name="testNotEquals()" classname="nl.tudelft.sem.hoa.unit.MemberAppUserTest" time="0.0"/>
  <system-out><![CDATA[]]></system-out>
  <system-err><![CDATA[]]></system-err>
</testsuite>
