<?xml version="1.0" encoding="UTF-8"?>
<testsuite name="nl.tudelft.sem.hoa.integration.RuleServiceTest" tests="3" skipped="0" failures="0" errors="0" timestamp="2023-01-25T00:41:35" hostname="LAPTOP-VLADI2" time="0.126">
  <properties/>
  <testcase name="findRulesByHoaId_test()" classname="nl.tudelft.sem.hoa.integration.RuleServiceTest" time="0.05"/>
  <testcase name="delete_rules_Test()" classname="nl.tudelft.sem.hoa.integration.RuleServiceTest" time="0.035"/>
  <testcase name="add_rules_Test()" classname="nl.tudelft.sem.hoa.integration.RuleServiceTest" time="0.041"/>
  <system-out><![CDATA[2023-01-25 01:41:35.185  INFO 2240 --- [    Test worker] .b.t.c.SpringBootTestContextBootstrapper : Neither @ContextConfiguration nor @ContextHierarchy found for test class [nl.tudelft.sem.hoa.integration.RuleServiceTest], using SpringBootContextLoader
2023-01-25 01:41:35.185  INFO 2240 --- [    Test worker] o.s.t.c.support.AbstractContextLoader    : Could not detect default resource locations for test class [nl.tudelft.sem.hoa.integration.RuleServiceTest]: no resource found for suffixes {-context.xml, Context.groovy}.
2023-01-25 01:41:35.185  INFO 2240 --- [    Test worker] t.c.s.AnnotationConfigContextLoaderUtils : Could not detect default configuration classes for test class [nl.tudelft.sem.hoa.integration.RuleServiceTest]: RuleServiceTest does not declare any static, non-private, non-final, nested classes annotated with @Configuration.
2023-01-25 01:41:35.186  INFO 2240 --- [    Test worker] .b.t.c.SpringBootTestContextBootstrapper : Found @SpringBootConfiguration nl.tudelft.sem.hoa.Application for test class nl.tudelft.sem.hoa.integration.RuleServiceTest
2023-01-25 01:41:35.186  INFO 2240 --- [    Test worker] .b.t.c.SpringBootTestContextBootstrapper : Loaded default TestExecutionListener class names from location [META-INF/spring.factories]: [org.springframework.boot.test.autoconfigure.restdocs.RestDocsTestExecutionListener, org.springframework.boot.test.autoconfigure.web.client.MockRestServiceServerResetTestExecutionListener, org.springframework.boot.test.autoconfigure.web.servlet.MockMvcPrintOnlyOnFailureTestExecutionListener, org.springframework.boot.test.autoconfigure.web.servlet.WebDriverTestExecutionListener, org.springframework.boot.test.autoconfigure.webservices.client.MockWebServiceServerTestExecutionListener, org.springframework.boot.test.mock.mockito.MockitoTestExecutionListener, org.springframework.boot.test.mock.mockito.ResetMocksTestExecutionListener, org.springframework.test.context.web.ServletTestExecutionListener, org.springframework.test.context.support.DirtiesContextBeforeModesTestExecutionListener, org.springframework.test.context.support.DependencyInjectionTestExecutionListener, org.springframework.test.context.support.DirtiesContextTestExecutionListener, org.springframework.test.context.transaction.TransactionalTestExecutionListener, org.springframework.test.context.jdbc.SqlScriptsTestExecutionListener, org.springframework.test.context.event.EventPublishingTestExecutionListener]
2023-01-25 01:41:35.187  INFO 2240 --- [    Test worker] .b.t.c.SpringBootTestContextBootstrapper : Using TestExecutionListeners: [org.springframework.test.context.web.ServletTestExecutionListener@2a3c91e1, org.springframework.test.context.support.DirtiesContextBeforeModesTestExecutionListener@33298354, org.springframework.boot.test.mock.mockito.MockitoTestExecutionListener@79fff753, org.springframework.boot.test.autoconfigure.SpringBootDependencyInjectionTestExecutionListener@124db20d, org.springframework.test.context.support.DirtiesContextTestExecutionListener@5cb08a3c, org.springframework.test.context.transaction.TransactionalTestExecutionListener@23fc81dd, org.springframework.test.context.jdbc.SqlScriptsTestExecutionListener@25bfbf9e, org.springframework.test.context.event.EventPublishingTestExecutionListener@5a9dacfe, org.springframework.boot.test.autoconfigure.restdocs.RestDocsTestExecutionListener@2242cfb, org.springframework.boot.test.autoconfigure.web.client.MockRestServiceServerResetTestExecutionListener@4591b70b, org.springframework.boot.test.autoconfigure.web.servlet.MockMvcPrintOnlyOnFailureTestExecutionListener@1d8ab368, org.springframework.boot.test.autoconfigure.web.servlet.WebDriverTestExecutionListener@2ac7167b, org.springframework.boot.test.autoconfigure.webservices.client.MockWebServiceServerTestExecutionListener@9a7b42c, org.springframework.boot.test.mock.mockito.ResetMocksTestExecutionListener@414663fc]
2023-01-25 01:41:35.189  INFO 2240 --- [    Test worker] o.s.t.c.transaction.TransactionContext   : Began transaction (1) for test context [DefaultTestContext@72de5790 testClass = RuleServiceTest, testInstance = nl.tudelft.sem.hoa.integration.RuleServiceTest@6fa6281b, testMethod = findRulesByHoaId_test@RuleServiceTest, testException = [null], mergedContextConfiguration = [WebMergedContextConfiguration@7ac1b00d testClass = RuleServiceTest, locations = '{}', classes = '{class nl.tudelft.sem.hoa.Application}', contextInitializerClasses = '[]', activeProfiles = '{}', propertySourceLocations = '{}', propertySourceProperties = '{org.springframework.boot.test.context.SpringBootTestContextBootstrapper=true}', contextCustomizers = set[org.springframework.boot.test.autoconfigure.properties.PropertyMappingContextCustomizer@0, org.springframework.boot.test.autoconfigure.web.servlet.WebDriverContextCustomizerFactory$Customizer@36ad229b, org.springframework.boot.test.context.filter.ExcludeFilterContextCustomizer@73bb1337, org.springframework.boot.test.json.DuplicateJsonObjectContextCustomizerFactory$DuplicateJsonObjectContextCustomizer@3e28d779, org.springframework.boot.test.mock.mockito.MockitoContextCustomizer@0, org.springframework.boot.test.web.client.TestRestTemplateContextCustomizer@14b275bd, org.springframework.boot.test.context.SpringBootTestArgs@1, org.springframework.boot.test.context.SpringBootTestWebEnvironment@379ab47b], resourceBasePath = 'src/main/webapp', contextLoader = 'org.springframework.boot.test.context.SpringBootContextLoader', parent = [null]], attributes = map['org.springframework.test.context.web.ServletTestExecutionListener.activateListener' -> true, 'org.springframework.test.context.web.ServletTestExecutionListener.populatedRequestContextHolder' -> true, 'org.springframework.test.context.web.ServletTestExecutionListener.resetRequestContextHolder' -> true]]; transaction manager [org.springframework.orm.jpa.JpaTransactionManager@15814435]; rollback [true]
2023-01-25 01:41:35.237  INFO 2240 --- [    Test worker] o.s.t.c.transaction.TransactionContext   : Rolled back transaction for test: [DefaultTestContext@72de5790 testClass = RuleServiceTest, testInstance = nl.tudelft.sem.hoa.integration.RuleServiceTest@6fa6281b, testMethod = findRulesByHoaId_test@RuleServiceTest, testException = [null], mergedContextConfiguration = [WebMergedContextConfiguration@7ac1b00d testClass = RuleServiceTest, locations = '{}', classes = '{class nl.tudelft.sem.hoa.Application}', contextInitializerClasses = '[]', activeProfiles = '{}', propertySourceLocations = '{}', propertySourceProperties = '{org.springframework.boot.test.context.SpringBootTestContextBootstrapper=true}', contextCustomizers = set[org.springframework.boot.test.autoconfigure.properties.PropertyMappingContextCustomizer@0, org.springframework.boot.test.autoconfigure.web.servlet.WebDriverContextCustomizerFactory$Customizer@36ad229b, org.springframework.boot.test.context.filter.ExcludeFilterContextCustomizer@73bb1337, org.springframework.boot.test.json.DuplicateJsonObjectContextCustomizerFactory$DuplicateJsonObjectContextCustomizer@3e28d779, org.springframework.boot.test.mock.mockito.MockitoContextCustomizer@0, org.springframework.boot.test.web.client.TestRestTemplateContextCustomizer@14b275bd, org.springframework.boot.test.context.SpringBootTestArgs@1, org.springframework.boot.test.context.SpringBootTestWebEnvironment@379ab47b], resourceBasePath = 'src/main/webapp', contextLoader = 'org.springframework.boot.test.context.SpringBootContextLoader', parent = [null]], attributes = map['org.springframework.test.context.web.ServletTestExecutionListener.activateListener' -> true, 'org.springframework.test.context.web.ServletTestExecutionListener.populatedRequestContextHolder' -> true, 'org.springframework.test.context.web.ServletTestExecutionListener.resetRequestContextHolder' -> true]]
2023-01-25 01:41:35.240  INFO 2240 --- [    Test worker] o.s.t.c.transaction.TransactionContext   : Began transaction (1) for test context [DefaultTestContext@72de5790 testClass = RuleServiceTest, testInstance = nl.tudelft.sem.hoa.integration.RuleServiceTest@591ec48, testMethod = delete_rules_Test@RuleServiceTest, testException = [null], mergedContextConfiguration = [WebMergedContextConfiguration@7ac1b00d testClass = RuleServiceTest, locations = '{}', classes = '{class nl.tudelft.sem.hoa.Application}', contextInitializerClasses = '[]', activeProfiles = '{}', propertySourceLocations = '{}', propertySourceProperties = '{org.springframework.boot.test.context.SpringBootTestContextBootstrapper=true}', contextCustomizers = set[org.springframework.boot.test.autoconfigure.properties.PropertyMappingContextCustomizer@0, org.springframework.boot.test.autoconfigure.web.servlet.WebDriverContextCustomizerFactory$Customizer@36ad229b, org.springframework.boot.test.context.filter.ExcludeFilterContextCustomizer@73bb1337, org.springframework.boot.test.json.DuplicateJsonObjectContextCustomizerFactory$DuplicateJsonObjectContextCustomizer@3e28d779, org.springframework.boot.test.mock.mockito.MockitoContextCustomizer@0, org.springframework.boot.test.web.client.TestRestTemplateContextCustomizer@14b275bd, org.springframework.boot.test.context.SpringBootTestArgs@1, org.springframework.boot.test.context.SpringBootTestWebEnvironment@379ab47b], resourceBasePath = 'src/main/webapp', contextLoader = 'org.springframework.boot.test.context.SpringBootContextLoader', parent = [null]], attributes = map['org.springframework.test.context.web.ServletTestExecutionListener.activateListener' -> true, 'org.springframework.test.context.web.ServletTestExecutionListener.populatedRequestContextHolder' -> true, 'org.springframework.test.context.web.ServletTestExecutionListener.resetRequestContextHolder' -> true]]; transaction manager [org.springframework.orm.jpa.JpaTransactionManager@15814435]; rollback [true]
2023-01-25 01:41:35.272  INFO 2240 --- [    Test worker] o.s.t.c.transaction.TransactionContext   : Rolled back transaction for test: [DefaultTestContext@72de5790 testClass = RuleServiceTest, testInstance = nl.tudelft.sem.hoa.integration.RuleServiceTest@591ec48, testMethod = delete_rules_Test@RuleServiceTest, testException = [null], mergedContextConfiguration = [WebMergedContextConfiguration@7ac1b00d testClass = RuleServiceTest, locations = '{}', classes = '{class nl.tudelft.sem.hoa.Application}', contextInitializerClasses = '[]', activeProfiles = '{}', propertySourceLocations = '{}', propertySourceProperties = '{org.springframework.boot.test.context.SpringBootTestContextBootstrapper=true}', contextCustomizers = set[org.springframework.boot.test.autoconfigure.properties.PropertyMappingContextCustomizer@0, org.springframework.boot.test.autoconfigure.web.servlet.WebDriverContextCustomizerFactory$Customizer@36ad229b, org.springframework.boot.test.context.filter.ExcludeFilterContextCustomizer@73bb1337, org.springframework.boot.test.json.DuplicateJsonObjectContextCustomizerFactory$DuplicateJsonObjectContextCustomizer@3e28d779, org.springframework.boot.test.mock.mockito.MockitoContextCustomizer@0, org.springframework.boot.test.web.client.TestRestTemplateContextCustomizer@14b275bd, org.springframework.boot.test.context.SpringBootTestArgs@1, org.springframework.boot.test.context.SpringBootTestWebEnvironment@379ab47b], resourceBasePath = 'src/main/webapp', contextLoader = 'org.springframework.boot.test.context.SpringBootContextLoader', parent = [null]], attributes = map['org.springframework.test.context.web.ServletTestExecutionListener.activateListener' -> true, 'org.springframework.test.context.web.ServletTestExecutionListener.populatedRequestContextHolder' -> true, 'org.springframework.test.context.web.ServletTestExecutionListener.resetRequestContextHolder' -> true]]
2023-01-25 01:41:35.274  INFO 2240 --- [    Test worker] o.s.t.c.transaction.TransactionContext   : Began transaction (1) for test context [DefaultTestContext@72de5790 testClass = RuleServiceTest, testInstance = nl.tudelft.sem.hoa.integration.RuleServiceTest@4159bc6d, testMethod = add_rules_Test@RuleServiceTest, testException = [null], mergedContextConfiguration = [WebMergedContextConfiguration@7ac1b00d testClass = RuleServiceTest, locations = '{}', classes = '{class nl.tudelft.sem.hoa.Application}', contextInitializerClasses = '[]', activeProfiles = '{}', propertySourceLocations = '{}', propertySourceProperties = '{org.springframework.boot.test.context.SpringBootTestContextBootstrapper=true}', contextCustomizers = set[org.springframework.boot.test.autoconfigure.properties.PropertyMappingContextCustomizer@0, org.springframework.boot.test.autoconfigure.web.servlet.WebDriverContextCustomizerFactory$Customizer@36ad229b, org.springframework.boot.test.context.filter.ExcludeFilterContextCustomizer@73bb1337, org.springframework.boot.test.json.DuplicateJsonObjectContextCustomizerFactory$DuplicateJsonObjectContextCustomizer@3e28d779, org.springframework.boot.test.mock.mockito.MockitoContextCustomizer@0, org.springframework.boot.test.web.client.TestRestTemplateContextCustomizer@14b275bd, org.springframework.boot.test.context.SpringBootTestArgs@1, org.springframework.boot.test.context.SpringBootTestWebEnvironment@379ab47b], resourceBasePath = 'src/main/webapp', contextLoader = 'org.springframework.boot.test.context.SpringBootContextLoader', parent = [null]], attributes = map['org.springframework.test.context.web.ServletTestExecutionListener.activateListener' -> true, 'org.springframework.test.context.web.ServletTestExecutionListener.populatedRequestContextHolder' -> true, 'org.springframework.test.context.web.ServletTestExecutionListener.resetRequestContextHolder' -> true]]; transaction manager [org.springframework.orm.jpa.JpaTransactionManager@15814435]; rollback [true]
2023-01-25 01:41:35.313  INFO 2240 --- [    Test worker] o.s.t.c.transaction.TransactionContext   : Rolled back transaction for test: [DefaultTestContext@72de5790 testClass = RuleServiceTest, testInstance = nl.tudelft.sem.hoa.integration.RuleServiceTest@4159bc6d, testMethod = add_rules_Test@RuleServiceTest, testException = [null], mergedContextConfiguration = [WebMergedContextConfiguration@7ac1b00d testClass = RuleServiceTest, locations = '{}', classes = '{class nl.tudelft.sem.hoa.Application}', contextInitializerClasses = '[]', activeProfiles = '{}', propertySourceLocations = '{}', propertySourceProperties = '{org.springframework.boot.test.context.SpringBootTestContextBootstrapper=true}', contextCustomizers = set[org.springframework.boot.test.autoconfigure.properties.PropertyMappingContextCustomizer@0, org.springframework.boot.test.autoconfigure.web.servlet.WebDriverContextCustomizerFactory$Customizer@36ad229b, org.springframework.boot.test.context.filter.ExcludeFilterContextCustomizer@73bb1337, org.springframework.boot.test.json.DuplicateJsonObjectContextCustomizerFactory$DuplicateJsonObjectContextCustomizer@3e28d779, org.springframework.boot.test.mock.mockito.MockitoContextCustomizer@0, org.springframework.boot.test.web.client.TestRestTemplateContextCustomizer@14b275bd, org.springframework.boot.test.context.SpringBootTestArgs@1, org.springframework.boot.test.context.SpringBootTestWebEnvironment@379ab47b], resourceBasePath = 'src/main/webapp', contextLoader = 'org.springframework.boot.test.context.SpringBootContextLoader', parent = [null]], attributes = map['org.springframework.test.context.web.ServletTestExecutionListener.activateListener' -> true, 'org.springframework.test.context.web.ServletTestExecutionListener.populatedRequestContextHolder' -> true, 'org.springframework.test.context.web.ServletTestExecutionListener.resetRequestContextHolder' -> true]]
]]></system-out>
  <system-err><![CDATA[]]></system-err>
</testsuite>
