<?xml version="1.0" encoding="UTF-8"?>
<testsuite name="nl.tudelft.sem.hoa.integration.ReportRepositoryTest" tests="1" skipped="0" failures="0" errors="0" timestamp="2023-01-25T00:41:34" hostname="LAPTOP-VLADI2" time="0.036">
  <properties/>
  <testcase name="rulesRepTest()" classname="nl.tudelft.sem.hoa.integration.ReportRepositoryTest" time="0.036"/>
  <system-out><![CDATA[2023-01-25 01:41:34.977  INFO 2240 --- [    Test worker] .b.t.c.SpringBootTestContextBootstrapper : Neither @ContextConfiguration nor @ContextHierarchy found for test class [nl.tudelft.sem.hoa.integration.ReportRepositoryTest], using SpringBootContextLoader
2023-01-25 01:41:34.977  INFO 2240 --- [    Test worker] o.s.t.c.support.AbstractContextLoader    : Could not detect default resource locations for test class [nl.tudelft.sem.hoa.integration.ReportRepositoryTest]: no resource found for suffixes {-context.xml, Context.groovy}.
2023-01-25 01:41:34.977  INFO 2240 --- [    Test worker] t.c.s.AnnotationConfigContextLoaderUtils : Could not detect default configuration classes for test class [nl.tudelft.sem.hoa.integration.ReportRepositoryTest]: ReportRepositoryTest does not declare any static, non-private, non-final, nested classes annotated with @Configuration.
2023-01-25 01:41:34.978  INFO 2240 --- [    Test worker] .b.t.c.SpringBootTestContextBootstrapper : Found @SpringBootConfiguration nl.tudelft.sem.hoa.Application for test class nl.tudelft.sem.hoa.integration.ReportRepositoryTest
2023-01-25 01:41:34.979  INFO 2240 --- [    Test worker] .b.t.c.SpringBootTestContextBootstrapper : Loaded default TestExecutionListener class names from location [META-INF/spring.factories]: [org.springframework.boot.test.autoconfigure.restdocs.RestDocsTestExecutionListener, org.springframework.boot.test.autoconfigure.web.client.MockRestServiceServerResetTestExecutionListener, org.springframework.boot.test.autoconfigure.web.servlet.MockMvcPrintOnlyOnFailureTestExecutionListener, org.springframework.boot.test.autoconfigure.web.servlet.WebDriverTestExecutionListener, org.springframework.boot.test.autoconfigure.webservices.client.MockWebServiceServerTestExecutionListener, org.springframework.boot.test.mock.mockito.MockitoTestExecutionListener, org.springframework.boot.test.mock.mockito.ResetMocksTestExecutionListener, org.springframework.test.context.web.ServletTestExecutionListener, org.springframework.test.context.support.DirtiesContextBeforeModesTestExecutionListener, org.springframework.test.context.support.DependencyInjectionTestExecutionListener, org.springframework.test.context.support.DirtiesContextTestExecutionListener, org.springframework.test.context.transaction.TransactionalTestExecutionListener, org.springframework.test.context.jdbc.SqlScriptsTestExecutionListener, org.springframework.test.context.event.EventPublishingTestExecutionListener]
2023-01-25 01:41:34.979  INFO 2240 --- [    Test worker] .b.t.c.SpringBootTestContextBootstrapper : Using TestExecutionListeners: [org.springframework.test.context.web.ServletTestExecutionListener@7c1d6c54, org.springframework.test.context.support.DirtiesContextBeforeModesTestExecutionListener@5d3cc14b, org.springframework.boot.test.mock.mockito.MockitoTestExecutionListener@3e069a76, org.springframework.boot.test.autoconfigure.SpringBootDependencyInjectionTestExecutionListener@7e9a1335, org.springframework.test.context.support.DirtiesContextTestExecutionListener@69f2bf7e, org.springframework.test.context.transaction.TransactionalTestExecutionListener@52ff0d92, org.springframework.test.context.jdbc.SqlScriptsTestExecutionListener@58a0e891, org.springframework.test.context.event.EventPublishingTestExecutionListener@768d5b0b, org.springframework.boot.test.autoconfigure.restdocs.RestDocsTestExecutionListener@af813eb, org.springframework.boot.test.autoconfigure.web.client.MockRestServiceServerResetTestExecutionListener@20411cbb, org.springframework.boot.test.autoconfigure.web.servlet.MockMvcPrintOnlyOnFailureTestExecutionListener@7ffa9c42, org.springframework.boot.test.autoconfigure.web.servlet.WebDriverTestExecutionListener@63b3c5b5, org.springframework.boot.test.autoconfigure.webservices.client.MockWebServiceServerTestExecutionListener@291ee563, org.springframework.boot.test.mock.mockito.ResetMocksTestExecutionListener@192903f]
2023-01-25 01:41:34.981  INFO 2240 --- [    Test worker] o.s.t.c.transaction.TransactionContext   : Began transaction (1) for test context [DefaultTestContext@27313a2b testClass = ReportRepositoryTest, testInstance = nl.tudelft.sem.hoa.integration.ReportRepositoryTest@48dffcd8, testMethod = rulesRepTest@ReportRepositoryTest, testException = [null], mergedContextConfiguration = [WebMergedContextConfiguration@6f8c8d28 testClass = ReportRepositoryTest, locations = '{}', classes = '{class nl.tudelft.sem.hoa.Application}', contextInitializerClasses = '[]', activeProfiles = '{}', propertySourceLocations = '{}', propertySourceProperties = '{org.springframework.boot.test.context.SpringBootTestContextBootstrapper=true}', contextCustomizers = set[org.springframework.boot.test.autoconfigure.properties.PropertyMappingContextCustomizer@0, org.springframework.boot.test.autoconfigure.web.servlet.WebDriverContextCustomizerFactory$Customizer@36ad229b, org.springframework.boot.test.context.filter.ExcludeFilterContextCustomizer@73bb1337, org.springframework.boot.test.json.DuplicateJsonObjectContextCustomizerFactory$DuplicateJsonObjectContextCustomizer@3e28d779, org.springframework.boot.test.mock.mockito.MockitoContextCustomizer@0, org.springframework.boot.test.web.client.TestRestTemplateContextCustomizer@14b275bd, org.springframework.boot.test.context.SpringBootTestArgs@1, org.springframework.boot.test.context.SpringBootTestWebEnvironment@379ab47b], resourceBasePath = 'src/main/webapp', contextLoader = 'org.springframework.boot.test.context.SpringBootContextLoader', parent = [null]], attributes = map['org.springframework.test.context.web.ServletTestExecutionListener.activateListener' -> true, 'org.springframework.test.context.web.ServletTestExecutionListener.populatedRequestContextHolder' -> true, 'org.springframework.test.context.web.ServletTestExecutionListener.resetRequestContextHolder' -> true]]; transaction manager [org.springframework.orm.jpa.JpaTransactionManager@15814435]; rollback [true]
2023-01-25 01:41:35.015  INFO 2240 --- [    Test worker] o.s.t.c.transaction.TransactionContext   : Rolled back transaction for test: [DefaultTestContext@27313a2b testClass = ReportRepositoryTest, testInstance = nl.tudelft.sem.hoa.integration.ReportRepositoryTest@48dffcd8, testMethod = rulesRepTest@ReportRepositoryTest, testException = [null], mergedContextConfiguration = [WebMergedContextConfiguration@6f8c8d28 testClass = ReportRepositoryTest, locations = '{}', classes = '{class nl.tudelft.sem.hoa.Application}', contextInitializerClasses = '[]', activeProfiles = '{}', propertySourceLocations = '{}', propertySourceProperties = '{org.springframework.boot.test.context.SpringBootTestContextBootstrapper=true}', contextCustomizers = set[org.springframework.boot.test.autoconfigure.properties.PropertyMappingContextCustomizer@0, org.springframework.boot.test.autoconfigure.web.servlet.WebDriverContextCustomizerFactory$Customizer@36ad229b, org.springframework.boot.test.context.filter.ExcludeFilterContextCustomizer@73bb1337, org.springframework.boot.test.json.DuplicateJsonObjectContextCustomizerFactory$DuplicateJsonObjectContextCustomizer@3e28d779, org.springframework.boot.test.mock.mockito.MockitoContextCustomizer@0, org.springframework.boot.test.web.client.TestRestTemplateContextCustomizer@14b275bd, org.springframework.boot.test.context.SpringBootTestArgs@1, org.springframework.boot.test.context.SpringBootTestWebEnvironment@379ab47b], resourceBasePath = 'src/main/webapp', contextLoader = 'org.springframework.boot.test.context.SpringBootContextLoader', parent = [null]], attributes = map['org.springframework.test.context.web.ServletTestExecutionListener.activateListener' -> true, 'org.springframework.test.context.web.ServletTestExecutionListener.populatedRequestContextHolder' -> true, 'org.springframework.test.context.web.ServletTestExecutionListener.resetRequestContextHolder' -> true]]
]]></system-out>
  <system-err><![CDATA[]]></system-err>
</testsuite>
