<?xml version="1.0" encoding="UTF-8"?>
<testsuite name="nl.tudelft.sem.activity.integration.ActivityControllerTest" tests="12" skipped="0" failures="0" errors="0" timestamp="2023-01-25T00:39:19" hostname="LAPTOP-VLADI2" time="9.503">
  <properties/>
  <testcase name="findAllActivitiesHoaTest1()" classname="nl.tudelft.sem.activity.integration.ActivityControllerTest" time="0.992"/>
  <testcase name="findAllActivitiesHoaTest2()" classname="nl.tudelft.sem.activity.integration.ActivityControllerTest" time="0.979"/>
  <testcase name="findByIdTest1()" classname="nl.tudelft.sem.activity.integration.ActivityControllerTest" time="0.911"/>
  <testcase name="findByIdTest2()" classname="nl.tudelft.sem.activity.integration.ActivityControllerTest" time="0.832"/>
  <testcase name="findAllUpcomingActivitiesHoaTest1()" classname="nl.tudelft.sem.activity.integration.ActivityControllerTest" time="0.804"/>
  <testcase name="findAllUpcomingActivitiesHoaTest2()" classname="nl.tudelft.sem.activity.integration.ActivityControllerTest" time="0.755"/>
  <testcase name="registerActivityTest1()" classname="nl.tudelft.sem.activity.integration.ActivityControllerTest" time="0.801"/>
  <testcase name="registerActivityTest2()" classname="nl.tudelft.sem.activity.integration.ActivityControllerTest" time="0.669"/>
  <testcase name="registerActivityTest3()" classname="nl.tudelft.sem.activity.integration.ActivityControllerTest" time="0.653"/>
  <testcase name="respondActivityTest1()" classname="nl.tudelft.sem.activity.integration.ActivityControllerTest" time="0.694"/>
  <testcase name="respondActivityTest2()" classname="nl.tudelft.sem.activity.integration.ActivityControllerTest" time="0.703"/>
  <testcase name="respondActivityTest3()" classname="nl.tudelft.sem.activity.integration.ActivityControllerTest" time="0.703"/>
  <system-out><![CDATA[2023-01-25 01:39:18.287  INFO 12496 --- [    Test worker] .b.t.c.SpringBootTestContextBootstrapper : Neither @ContextConfiguration nor @ContextHierarchy found for test class [nl.tudelft.sem.activity.integration.ActivityControllerTest], using SpringBootContextLoader
2023-01-25 01:39:18.287  INFO 12496 --- [    Test worker] o.s.t.c.support.AbstractContextLoader    : Could not detect default resource locations for test class [nl.tudelft.sem.activity.integration.ActivityControllerTest]: no resource found for suffixes {-context.xml, Context.groovy}.
2023-01-25 01:39:18.287  INFO 12496 --- [    Test worker] t.c.s.AnnotationConfigContextLoaderUtils : Could not detect default configuration classes for test class [nl.tudelft.sem.activity.integration.ActivityControllerTest]: ActivityControllerTest does not declare any static, non-private, non-final, nested classes annotated with @Configuration.
2023-01-25 01:39:18.297  INFO 12496 --- [    Test worker] .b.t.c.SpringBootTestContextBootstrapper : Found @SpringBootConfiguration nl.tudelft.sem.activity.Application for test class nl.tudelft.sem.activity.integration.ActivityControllerTest
2023-01-25 01:39:18.300  INFO 12496 --- [    Test worker] .b.t.c.SpringBootTestContextBootstrapper : Loaded default TestExecutionListener class names from location [META-INF/spring.factories]: [org.springframework.security.test.context.support.WithSecurityContextTestExecutionListener, org.springframework.security.test.context.support.ReactorContextTestExecutionListener, org.springframework.boot.test.autoconfigure.restdocs.RestDocsTestExecutionListener, org.springframework.boot.test.autoconfigure.web.client.MockRestServiceServerResetTestExecutionListener, org.springframework.boot.test.autoconfigure.web.servlet.MockMvcPrintOnlyOnFailureTestExecutionListener, org.springframework.boot.test.autoconfigure.web.servlet.WebDriverTestExecutionListener, org.springframework.boot.test.autoconfigure.webservices.client.MockWebServiceServerTestExecutionListener, org.springframework.boot.test.mock.mockito.MockitoTestExecutionListener, org.springframework.boot.test.mock.mockito.ResetMocksTestExecutionListener, org.springframework.test.context.web.ServletTestExecutionListener, org.springframework.test.context.support.DirtiesContextBeforeModesTestExecutionListener, org.springframework.test.context.support.DependencyInjectionTestExecutionListener, org.springframework.test.context.support.DirtiesContextTestExecutionListener, org.springframework.test.context.transaction.TransactionalTestExecutionListener, org.springframework.test.context.jdbc.SqlScriptsTestExecutionListener, org.springframework.test.context.event.EventPublishingTestExecutionListener]
2023-01-25 01:39:18.301  INFO 12496 --- [    Test worker] .b.t.c.SpringBootTestContextBootstrapper : Using TestExecutionListeners: [org.springframework.test.context.web.ServletTestExecutionListener@2b33e616, org.springframework.test.context.support.DirtiesContextBeforeModesTestExecutionListener@c1d9c40, org.springframework.boot.test.mock.mockito.MockitoTestExecutionListener@79e3f444, org.springframework.boot.test.autoconfigure.SpringBootDependencyInjectionTestExecutionListener@205d6f84, org.springframework.test.context.support.DirtiesContextTestExecutionListener@14ea3ecf, org.springframework.test.context.transaction.TransactionalTestExecutionListener@74f54f8e, org.springframework.test.context.jdbc.SqlScriptsTestExecutionListener@1252d480, org.springframework.security.test.context.support.WithSecurityContextTestExecutionListener@59b8a801, org.springframework.test.context.event.EventPublishingTestExecutionListener@1c61f9bf, org.springframework.security.test.context.support.ReactorContextTestExecutionListener@42365c82, org.springframework.boot.test.autoconfigure.restdocs.RestDocsTestExecutionListener@46c47690, org.springframework.boot.test.autoconfigure.web.client.MockRestServiceServerResetTestExecutionListener@5aa026e9, org.springframework.boot.test.autoconfigure.web.servlet.MockMvcPrintOnlyOnFailureTestExecutionListener@499f9003, org.springframework.boot.test.autoconfigure.web.servlet.WebDriverTestExecutionListener@39bd07fe, org.springframework.boot.test.autoconfigure.webservices.client.MockWebServiceServerTestExecutionListener@5ca896af, org.springframework.boot.test.mock.mockito.ResetMocksTestExecutionListener@7e474bd]

  .   ____          _            __ _ _
 /\\ / ___'_ __ _ _(_)_ __  __ _ \ \ \ \
( ( )\___ | '_ | '_| | '_ \/ _` | \ \ \ \
 \\/  ___)| |_)| | | | | || (_| |  ) ) ) )
  '  |____| .__|_| |_|_| |_\__, | / / / /
 =========|_|==============|___/=/_/_/_/
 :: Spring Boot ::        (v2.3.5.RELEASE)

2023-01-25 01:39:18.370  INFO 12496 --- [    Test worker] n.t.s.a.i.ActivityControllerTest         : Starting ActivityControllerTest on LAPTOP-VLADI2 with PID 12496 (started by vladi in C:\Portable\Projects\SEM\SEM19a\activity-microservice)
2023-01-25 01:39:18.371  INFO 12496 --- [    Test worker] n.t.s.a.i.ActivityControllerTest         : The following profiles are active: mockAuthenticationManager,mockTokenVerifier,test
2023-01-25 01:39:18.565  INFO 12496 --- [    Test worker] .s.d.r.c.RepositoryConfigurationDelegate : Bootstrapping Spring Data JPA repositories in DEFAULT mode.
2023-01-25 01:39:18.573  INFO 12496 --- [    Test worker] .s.d.r.c.RepositoryConfigurationDelegate : Finished Spring Data repository scanning in 7ms. Found 1 JPA repository interfaces.
2023-01-25 01:39:18.876  INFO 12496 --- [    Test worker] o.hibernate.jpa.internal.util.LogHelper  : HHH000204: Processing PersistenceUnitInfo [name: default]
2023-01-25 01:39:18.895  INFO 12496 --- [    Test worker] org.hibernate.dialect.Dialect            : HHH000400: Using dialect: org.hibernate.dialect.H2Dialect
2023-01-25 01:39:18.953  INFO 12496 --- [    Test worker] o.h.e.t.j.p.i.JtaPlatformInitiator       : HHH000490: Using JtaPlatform implementation: [org.hibernate.engine.transaction.jta.platform.internal.NoJtaPlatform]
2023-01-25 01:39:18.953  INFO 12496 --- [    Test worker] j.LocalContainerEntityManagerFactoryBean : Initialized JPA EntityManagerFactory for persistence unit 'default'
2023-01-25 01:39:19.019  WARN 12496 --- [    Test worker] JpaBaseConfiguration$JpaWebConfiguration : spring.jpa.open-in-view is enabled by default. Therefore, database queries may be performed during view rendering. Explicitly configure spring.jpa.open-in-view to disable this warning
2023-01-25 01:39:19.402  INFO 12496 --- [    Test worker] o.s.s.concurrent.ThreadPoolTaskExecutor  : Initializing ExecutorService 'applicationTaskExecutor'
2023-01-25 01:39:19.445  INFO 12496 --- [    Test worker] o.s.b.a.h2.H2ConsoleAutoConfiguration    : H2 console available at '/h2-console'. Database available at 'jdbc:h2:./activity-microservice/activity'
2023-01-25 01:39:19.687  INFO 12496 --- [    Test worker] .s.s.UserDetailsServiceAutoConfiguration : 

Using generated security password: 38a69766-15b2-4ea7-988f-de4c28ecd347

2023-01-25 01:39:19.791  INFO 12496 --- [    Test worker] o.s.s.web.DefaultSecurityFilterChain     : Creating filter chain: any request, [org.springframework.security.web.context.request.async.WebAsyncManagerIntegrationFilter@46f5030f, org.springframework.security.web.context.SecurityContextPersistenceFilter@6dbc3756, org.springframework.security.web.header.HeaderWriterFilter@4095ebff, org.springframework.security.web.authentication.logout.LogoutFilter@64514009, nl.tudelft.sem.activity.authentication.JwtRequestFilter@65c97eeb, org.springframework.security.web.savedrequest.RequestCacheAwareFilter@23c95292, org.springframework.security.web.servletapi.SecurityContextHolderAwareRequestFilter@30b5225b, org.springframework.security.web.authentication.AnonymousAuthenticationFilter@18b77ec9, org.springframework.security.web.session.SessionManagementFilter@544502d6, org.springframework.security.web.access.ExceptionTranslationFilter@441e789e, org.springframework.security.web.access.intercept.FilterSecurityInterceptor@424769f2]
2023-01-25 01:39:19.854  INFO 12496 --- [    Test worker] o.s.b.t.m.w.SpringBootMockServletContext : Initializing Spring TestDispatcherServlet ''
2023-01-25 01:39:19.854  INFO 12496 --- [    Test worker] o.s.t.web.servlet.TestDispatcherServlet  : Initializing Servlet ''
2023-01-25 01:39:19.863  INFO 12496 --- [    Test worker] o.s.t.web.servlet.TestDispatcherServlet  : Completed initialization in 9 ms
2023-01-25 01:39:19.873  INFO 12496 --- [    Test worker] n.t.s.a.i.ActivityControllerTest         : Started ActivityControllerTest in 1.566 seconds (JVM running for 7.417)
2023-01-25 01:39:19.884  INFO 12496 --- [    Test worker] o.s.s.concurrent.ThreadPoolTaskExecutor  : Shutting down ExecutorService 'applicationTaskExecutor'
2023-01-25 01:39:19.885  INFO 12496 --- [    Test worker] j.LocalContainerEntityManagerFactoryBean : Closing JPA EntityManagerFactory for persistence unit 'default'
2023-01-25 01:39:19.885  INFO 12496 --- [    Test worker] .SchemaDropperImpl$DelayedDropActionImpl : HHH000477: Starting delayed evictData of schema as part of SessionFactory shut-down'

  .   ____          _            __ _ _
 /\\ / ___'_ __ _ _(_)_ __  __ _ \ \ \ \
( ( )\___ | '_ | '_| | '_ \/ _` | \ \ \ \
 \\/  ___)| |_)| | | | | || (_| |  ) ) ) )
  '  |____| .__|_| |_|_| |_\__, | / / / /
 =========|_|==============|___/=/_/_/_/
 :: Spring Boot ::        (v2.3.5.RELEASE)

2023-01-25 01:39:19.945  INFO 12496 --- [    Test worker] n.t.s.a.i.ActivityControllerTest         : Starting ActivityControllerTest on LAPTOP-VLADI2 with PID 12496 (started by vladi in C:\Portable\Projects\SEM\SEM19a\activity-microservice)
2023-01-25 01:39:19.945  INFO 12496 --- [    Test worker] n.t.s.a.i.ActivityControllerTest         : The following profiles are active: mockAuthenticationManager,mockTokenVerifier,test
2023-01-25 01:39:20.045  INFO 12496 --- [    Test worker] .s.d.r.c.RepositoryConfigurationDelegate : Bootstrapping Spring Data JPA repositories in DEFAULT mode.
2023-01-25 01:39:20.052  INFO 12496 --- [    Test worker] .s.d.r.c.RepositoryConfigurationDelegate : Finished Spring Data repository scanning in 7ms. Found 1 JPA repository interfaces.
2023-01-25 01:39:20.152  INFO 12496 --- [    Test worker] o.hibernate.jpa.internal.util.LogHelper  : HHH000204: Processing PersistenceUnitInfo [name: default]
2023-01-25 01:39:20.161  INFO 12496 --- [    Test worker] org.hibernate.dialect.Dialect            : HHH000400: Using dialect: org.hibernate.dialect.H2Dialect
2023-01-25 01:39:20.240  INFO 12496 --- [    Test worker] o.h.e.t.j.p.i.JtaPlatformInitiator       : HHH000490: Using JtaPlatform implementation: [org.hibernate.engine.transaction.jta.platform.internal.NoJtaPlatform]
2023-01-25 01:39:20.240  INFO 12496 --- [    Test worker] j.LocalContainerEntityManagerFactoryBean : Initialized JPA EntityManagerFactory for persistence unit 'default'
2023-01-25 01:39:20.287  WARN 12496 --- [    Test worker] JpaBaseConfiguration$JpaWebConfiguration : spring.jpa.open-in-view is enabled by default. Therefore, database queries may be performed during view rendering. Explicitly configure spring.jpa.open-in-view to disable this warning
2023-01-25 01:39:20.472  INFO 12496 --- [    Test worker] o.s.s.concurrent.ThreadPoolTaskExecutor  : Initializing ExecutorService 'applicationTaskExecutor'
2023-01-25 01:39:20.488  INFO 12496 --- [    Test worker] o.s.b.a.h2.H2ConsoleAutoConfiguration    : H2 console available at '/h2-console'. Database available at 'jdbc:h2:./activity-microservice/activity'
2023-01-25 01:39:20.619  INFO 12496 --- [    Test worker] .s.s.UserDetailsServiceAutoConfiguration : 

Using generated security password: 34602cda-2bcf-460e-9a7d-f6e80a66903e

2023-01-25 01:39:20.666  INFO 12496 --- [    Test worker] o.s.s.web.DefaultSecurityFilterChain     : Creating filter chain: any request, [org.springframework.security.web.context.request.async.WebAsyncManagerIntegrationFilter@4aebd384, org.springframework.security.web.context.SecurityContextPersistenceFilter@4655e059, org.springframework.security.web.header.HeaderWriterFilter@234ad505, org.springframework.security.web.authentication.logout.LogoutFilter@57fd93f9, nl.tudelft.sem.activity.authentication.JwtRequestFilter@3919e2d7, org.springframework.security.web.savedrequest.RequestCacheAwareFilter@2765c3fc, org.springframework.security.web.servletapi.SecurityContextHolderAwareRequestFilter@52f2d8e8, org.springframework.security.web.authentication.AnonymousAuthenticationFilter@3b4e0786, org.springframework.security.web.session.SessionManagementFilter@27796482, org.springframework.security.web.access.ExceptionTranslationFilter@6fc1d215, org.springframework.security.web.access.intercept.FilterSecurityInterceptor@4913465d]
2023-01-25 01:39:20.697  INFO 12496 --- [    Test worker] o.s.b.t.m.w.SpringBootMockServletContext : Initializing Spring TestDispatcherServlet ''
2023-01-25 01:39:20.697  INFO 12496 --- [    Test worker] o.s.t.web.servlet.TestDispatcherServlet  : Initializing Servlet ''
2023-01-25 01:39:20.703  INFO 12496 --- [    Test worker] o.s.t.web.servlet.TestDispatcherServlet  : Completed initialization in 6 ms
2023-01-25 01:39:20.709  INFO 12496 --- [    Test worker] n.t.s.a.i.ActivityControllerTest         : Started ActivityControllerTest in 0.802 seconds (JVM running for 8.252)
[GOING vladi]
Activity (ID: 0, Organizer: vladi, Description: Club 33, Date and Time: Wed Dec 20 20:30:00 CET 2028, HOA: Pulse) was created.
[GOING vladi]
[GOING bram]
Activity (ID: 0, Organizer: bram, Description: Rest, Date and Time: Mon Mar 01 16:45:00 CET 2027, HOA: Pulse) was created.
[GOING bram]
[GOING alex]
Activity (ID: 0, Organizer: alex, Description: SEM sign-off, Date and Time: Sun Jul 28 10:15:00 CEST 2019, HOA: Building 28) was created.
[GOING alex]
[GOING rafa]
Activity (ID: 0, Organizer: rafa, Description: SEM check, Date and Time: Wed Jan 13 08:30:00 CET 2016, HOA: Building 28) was created.
[GOING rafa]
[GOING alex]
Activity (ID: 0, Organizer: alex, Description: Piano concert, Date and Time: Wed Dec 20 20:30:00 CET 2028, HOA: Building 28) was created.
[GOING alex]
[GOING vladi]
[GOING bram]
2023-01-25 01:39:20.878  INFO 12496 --- [    Test worker] o.s.s.concurrent.ThreadPoolTaskExecutor  : Shutting down ExecutorService 'applicationTaskExecutor'
2023-01-25 01:39:20.878  INFO 12496 --- [    Test worker] j.LocalContainerEntityManagerFactoryBean : Closing JPA EntityManagerFactory for persistence unit 'default'
2023-01-25 01:39:20.878  INFO 12496 --- [    Test worker] .SchemaDropperImpl$DelayedDropActionImpl : HHH000477: Starting delayed evictData of schema as part of SessionFactory shut-down'

  .   ____          _            __ _ _
 /\\ / ___'_ __ _ _(_)_ __  __ _ \ \ \ \
( ( )\___ | '_ | '_| | '_ \/ _` | \ \ \ \
 \\/  ___)| |_)| | | | | || (_| |  ) ) ) )
  '  |____| .__|_| |_|_| |_\__, | / / / /
 =========|_|==============|___/=/_/_/_/
 :: Spring Boot ::        (v2.3.5.RELEASE)

2023-01-25 01:39:20.934  INFO 12496 --- [    Test worker] n.t.s.a.i.ActivityControllerTest         : Starting ActivityControllerTest on LAPTOP-VLADI2 with PID 12496 (started by vladi in C:\Portable\Projects\SEM\SEM19a\activity-microservice)
2023-01-25 01:39:20.935  INFO 12496 --- [    Test worker] n.t.s.a.i.ActivityControllerTest         : The following profiles are active: mockAuthenticationManager,mockTokenVerifier,test
2023-01-25 01:39:21.050  INFO 12496 --- [    Test worker] .s.d.r.c.RepositoryConfigurationDelegate : Bootstrapping Spring Data JPA repositories in DEFAULT mode.
2023-01-25 01:39:21.058  INFO 12496 --- [    Test worker] .s.d.r.c.RepositoryConfigurationDelegate : Finished Spring Data repository scanning in 8ms. Found 1 JPA repository interfaces.
2023-01-25 01:39:21.169  INFO 12496 --- [    Test worker] o.hibernate.jpa.internal.util.LogHelper  : HHH000204: Processing PersistenceUnitInfo [name: default]
2023-01-25 01:39:21.176  INFO 12496 --- [    Test worker] org.hibernate.dialect.Dialect            : HHH000400: Using dialect: org.hibernate.dialect.H2Dialect
2023-01-25 01:39:21.251  INFO 12496 --- [    Test worker] o.h.e.t.j.p.i.JtaPlatformInitiator       : HHH000490: Using JtaPlatform implementation: [org.hibernate.engine.transaction.jta.platform.internal.NoJtaPlatform]
2023-01-25 01:39:21.252  INFO 12496 --- [    Test worker] j.LocalContainerEntityManagerFactoryBean : Initialized JPA EntityManagerFactory for persistence unit 'default'
2023-01-25 01:39:21.299  WARN 12496 --- [    Test worker] JpaBaseConfiguration$JpaWebConfiguration : spring.jpa.open-in-view is enabled by default. Therefore, database queries may be performed during view rendering. Explicitly configure spring.jpa.open-in-view to disable this warning
2023-01-25 01:39:21.479  INFO 12496 --- [    Test worker] o.s.s.concurrent.ThreadPoolTaskExecutor  : Initializing ExecutorService 'applicationTaskExecutor'
2023-01-25 01:39:21.493  INFO 12496 --- [    Test worker] o.s.b.a.h2.H2ConsoleAutoConfiguration    : H2 console available at '/h2-console'. Database available at 'jdbc:h2:./activity-microservice/activity'
2023-01-25 01:39:21.658  INFO 12496 --- [    Test worker] .s.s.UserDetailsServiceAutoConfiguration : 

Using generated security password: 2f00e9bf-728e-4c46-98f2-bcfdebda1ecc

2023-01-25 01:39:21.718  INFO 12496 --- [    Test worker] o.s.s.web.DefaultSecurityFilterChain     : Creating filter chain: any request, [org.springframework.security.web.context.request.async.WebAsyncManagerIntegrationFilter@11f4d2b8, org.springframework.security.web.context.SecurityContextPersistenceFilter@6820ab53, org.springframework.security.web.header.HeaderWriterFilter@7fbfb062, org.springframework.security.web.authentication.logout.LogoutFilter@46b7c89b, nl.tudelft.sem.activity.authentication.JwtRequestFilter@7c4b5d13, org.springframework.security.web.savedrequest.RequestCacheAwareFilter@6d2d04ef, org.springframework.security.web.servletapi.SecurityContextHolderAwareRequestFilter@6f939588, org.springframework.security.web.authentication.AnonymousAuthenticationFilter@54b2416d, org.springframework.security.web.session.SessionManagementFilter@18ab9b9e, org.springframework.security.web.access.ExceptionTranslationFilter@44d83a12, org.springframework.security.web.access.intercept.FilterSecurityInterceptor@731d35b0]
2023-01-25 01:39:21.751  INFO 12496 --- [    Test worker] o.s.b.t.m.w.SpringBootMockServletContext : Initializing Spring TestDispatcherServlet ''
2023-01-25 01:39:21.751  INFO 12496 --- [    Test worker] o.s.t.web.servlet.TestDispatcherServlet  : Initializing Servlet ''
2023-01-25 01:39:21.756  INFO 12496 --- [    Test worker] o.s.t.web.servlet.TestDispatcherServlet  : Completed initialization in 5 ms
2023-01-25 01:39:21.760  INFO 12496 --- [    Test worker] n.t.s.a.i.ActivityControllerTest         : Started ActivityControllerTest in 0.874 seconds (JVM running for 9.304)
[GOING vladi]
Activity (ID: 0, Organizer: vladi, Description: Club 33, Date and Time: Wed Dec 20 20:30:00 CET 2028, HOA: Pulse) was created.
[GOING vladi]
[GOING bram]
Activity (ID: 0, Organizer: bram, Description: Rest, Date and Time: Mon Mar 01 16:45:00 CET 2027, HOA: Pulse) was created.
[GOING bram]
[GOING alex]
Activity (ID: 0, Organizer: alex, Description: SEM sign-off, Date and Time: Sun Jul 28 10:15:00 CEST 2019, HOA: Building 28) was created.
[GOING alex]
[GOING rafa]
Activity (ID: 0, Organizer: rafa, Description: SEM check, Date and Time: Wed Jan 13 08:30:00 CET 2016, HOA: Building 28) was created.
[GOING rafa]
[GOING alex]
Activity (ID: 0, Organizer: alex, Description: Piano concert, Date and Time: Wed Dec 20 20:30:00 CET 2028, HOA: Building 28) was created.
[GOING alex]
2023-01-25 01:39:21.857  INFO 12496 --- [    Test worker] o.s.s.concurrent.ThreadPoolTaskExecutor  : Shutting down ExecutorService 'applicationTaskExecutor'
2023-01-25 01:39:21.858  INFO 12496 --- [    Test worker] j.LocalContainerEntityManagerFactoryBean : Closing JPA EntityManagerFactory for persistence unit 'default'
2023-01-25 01:39:21.858  INFO 12496 --- [    Test worker] .SchemaDropperImpl$DelayedDropActionImpl : HHH000477: Starting delayed evictData of schema as part of SessionFactory shut-down'

  .   ____          _            __ _ _
 /\\ / ___'_ __ _ _(_)_ __  __ _ \ \ \ \
( ( )\___ | '_ | '_| | '_ \/ _` | \ \ \ \
 \\/  ___)| |_)| | | | | || (_| |  ) ) ) )
  '  |____| .__|_| |_|_| |_\__, | / / / /
 =========|_|==============|___/=/_/_/_/
 :: Spring Boot ::        (v2.3.5.RELEASE)

2023-01-25 01:39:21.916  INFO 12496 --- [    Test worker] n.t.s.a.i.ActivityControllerTest         : Starting ActivityControllerTest on LAPTOP-VLADI2 with PID 12496 (started by vladi in C:\Portable\Projects\SEM\SEM19a\activity-microservice)
2023-01-25 01:39:21.916  INFO 12496 --- [    Test worker] n.t.s.a.i.ActivityControllerTest         : The following profiles are active: mockAuthenticationManager,mockTokenVerifier,test
2023-01-25 01:39:22.035  INFO 12496 --- [    Test worker] .s.d.r.c.RepositoryConfigurationDelegate : Bootstrapping Spring Data JPA repositories in DEFAULT mode.
2023-01-25 01:39:22.043  INFO 12496 --- [    Test worker] .s.d.r.c.RepositoryConfigurationDelegate : Finished Spring Data repository scanning in 7ms. Found 1 JPA repository interfaces.
2023-01-25 01:39:22.150  INFO 12496 --- [    Test worker] o.hibernate.jpa.internal.util.LogHelper  : HHH000204: Processing PersistenceUnitInfo [name: default]
2023-01-25 01:39:22.160  INFO 12496 --- [    Test worker] org.hibernate.dialect.Dialect            : HHH000400: Using dialect: org.hibernate.dialect.H2Dialect
2023-01-25 01:39:22.233  INFO 12496 --- [    Test worker] o.h.e.t.j.p.i.JtaPlatformInitiator       : HHH000490: Using JtaPlatform implementation: [org.hibernate.engine.transaction.jta.platform.internal.NoJtaPlatform]
2023-01-25 01:39:22.233  INFO 12496 --- [    Test worker] j.LocalContainerEntityManagerFactoryBean : Initialized JPA EntityManagerFactory for persistence unit 'default'
2023-01-25 01:39:22.278  WARN 12496 --- [    Test worker] JpaBaseConfiguration$JpaWebConfiguration : spring.jpa.open-in-view is enabled by default. Therefore, database queries may be performed during view rendering. Explicitly configure spring.jpa.open-in-view to disable this warning
2023-01-25 01:39:22.442  INFO 12496 --- [    Test worker] o.s.s.concurrent.ThreadPoolTaskExecutor  : Initializing ExecutorService 'applicationTaskExecutor'
2023-01-25 01:39:22.456  INFO 12496 --- [    Test worker] o.s.b.a.h2.H2ConsoleAutoConfiguration    : H2 console available at '/h2-console'. Database available at 'jdbc:h2:./activity-microservice/activity'
2023-01-25 01:39:22.615  INFO 12496 --- [    Test worker] .s.s.UserDetailsServiceAutoConfiguration : 

Using generated security password: 00ace807-a96c-4e3b-98f2-24ffa929e577

2023-01-25 01:39:22.664  INFO 12496 --- [    Test worker] o.s.s.web.DefaultSecurityFilterChain     : Creating filter chain: any request, [org.springframework.security.web.context.request.async.WebAsyncManagerIntegrationFilter@639d8311, org.springframework.security.web.context.SecurityContextPersistenceFilter@7dfdf161, org.springframework.security.web.header.HeaderWriterFilter@1a77faae, org.springframework.security.web.authentication.logout.LogoutFilter@350a0ff6, nl.tudelft.sem.activity.authentication.JwtRequestFilter@24ccf6a8, org.springframework.security.web.savedrequest.RequestCacheAwareFilter@1de3a67e, org.springframework.security.web.servletapi.SecurityContextHolderAwareRequestFilter@38648de6, org.springframework.security.web.authentication.AnonymousAuthenticationFilter@5d2e6b31, org.springframework.security.web.session.SessionManagementFilter@4bca8be2, org.springframework.security.web.access.ExceptionTranslationFilter@30ca1686, org.springframework.security.web.access.intercept.FilterSecurityInterceptor@3e759542]
2023-01-25 01:39:22.697  INFO 12496 --- [    Test worker] o.s.b.t.m.w.SpringBootMockServletContext : Initializing Spring TestDispatcherServlet ''
2023-01-25 01:39:22.698  INFO 12496 --- [    Test worker] o.s.t.web.servlet.TestDispatcherServlet  : Initializing Servlet ''
2023-01-25 01:39:22.702  INFO 12496 --- [    Test worker] o.s.t.web.servlet.TestDispatcherServlet  : Completed initialization in 4 ms
2023-01-25 01:39:22.707  INFO 12496 --- [    Test worker] n.t.s.a.i.ActivityControllerTest         : Started ActivityControllerTest in 0.84 seconds (JVM running for 10.25)
[GOING vladi]
Activity (ID: 0, Organizer: vladi, Description: Club 33, Date and Time: Wed Dec 20 20:30:00 CET 2028, HOA: Pulse) was created.
[GOING vladi]
[GOING vladi]
2023-01-25 01:39:22.769  INFO 12496 --- [    Test worker] o.s.s.concurrent.ThreadPoolTaskExecutor  : Shutting down ExecutorService 'applicationTaskExecutor'
2023-01-25 01:39:22.770  INFO 12496 --- [    Test worker] j.LocalContainerEntityManagerFactoryBean : Closing JPA EntityManagerFactory for persistence unit 'default'
2023-01-25 01:39:22.770  INFO 12496 --- [    Test worker] .SchemaDropperImpl$DelayedDropActionImpl : HHH000477: Starting delayed evictData of schema as part of SessionFactory shut-down'

  .   ____          _            __ _ _
 /\\ / ___'_ __ _ _(_)_ __  __ _ \ \ \ \
( ( )\___ | '_ | '_| | '_ \/ _` | \ \ \ \
 \\/  ___)| |_)| | | | | || (_| |  ) ) ) )
  '  |____| .__|_| |_|_| |_\__, | / / / /
 =========|_|==============|___/=/_/_/_/
 :: Spring Boot ::        (v2.3.5.RELEASE)

2023-01-25 01:39:22.819  INFO 12496 --- [    Test worker] n.t.s.a.i.ActivityControllerTest         : Starting ActivityControllerTest on LAPTOP-VLADI2 with PID 12496 (started by vladi in C:\Portable\Projects\SEM\SEM19a\activity-microservice)
2023-01-25 01:39:22.819  INFO 12496 --- [    Test worker] n.t.s.a.i.ActivityControllerTest         : The following profiles are active: mockAuthenticationManager,mockTokenVerifier,test
2023-01-25 01:39:22.920  INFO 12496 --- [    Test worker] .s.d.r.c.RepositoryConfigurationDelegate : Bootstrapping Spring Data JPA repositories in DEFAULT mode.
2023-01-25 01:39:22.927  INFO 12496 --- [    Test worker] .s.d.r.c.RepositoryConfigurationDelegate : Finished Spring Data repository scanning in 7ms. Found 1 JPA repository interfaces.
2023-01-25 01:39:23.033  INFO 12496 --- [    Test worker] o.hibernate.jpa.internal.util.LogHelper  : HHH000204: Processing PersistenceUnitInfo [name: default]
2023-01-25 01:39:23.041  INFO 12496 --- [    Test worker] org.hibernate.dialect.Dialect            : HHH000400: Using dialect: org.hibernate.dialect.H2Dialect
2023-01-25 01:39:23.112  INFO 12496 --- [    Test worker] o.h.e.t.j.p.i.JtaPlatformInitiator       : HHH000490: Using JtaPlatform implementation: [org.hibernate.engine.transaction.jta.platform.internal.NoJtaPlatform]
2023-01-25 01:39:23.112  INFO 12496 --- [    Test worker] j.LocalContainerEntityManagerFactoryBean : Initialized JPA EntityManagerFactory for persistence unit 'default'
2023-01-25 01:39:23.153  WARN 12496 --- [    Test worker] JpaBaseConfiguration$JpaWebConfiguration : spring.jpa.open-in-view is enabled by default. Therefore, database queries may be performed during view rendering. Explicitly configure spring.jpa.open-in-view to disable this warning
2023-01-25 01:39:23.309  INFO 12496 --- [    Test worker] o.s.s.concurrent.ThreadPoolTaskExecutor  : Initializing ExecutorService 'applicationTaskExecutor'
2023-01-25 01:39:23.322  INFO 12496 --- [    Test worker] o.s.b.a.h2.H2ConsoleAutoConfiguration    : H2 console available at '/h2-console'. Database available at 'jdbc:h2:./activity-microservice/activity'
2023-01-25 01:39:23.470  INFO 12496 --- [    Test worker] .s.s.UserDetailsServiceAutoConfiguration : 

Using generated security password: 132ed9cc-b234-4db3-8a9b-4594af6974d7

2023-01-25 01:39:23.522  INFO 12496 --- [    Test worker] o.s.s.web.DefaultSecurityFilterChain     : Creating filter chain: any request, [org.springframework.security.web.context.request.async.WebAsyncManagerIntegrationFilter@7030e3f3, org.springframework.security.web.context.SecurityContextPersistenceFilter@5d4e11ce, org.springframework.security.web.header.HeaderWriterFilter@739174f1, org.springframework.security.web.authentication.logout.LogoutFilter@35188cd2, nl.tudelft.sem.activity.authentication.JwtRequestFilter@3610b408, org.springframework.security.web.savedrequest.RequestCacheAwareFilter@18b25ef3, org.springframework.security.web.servletapi.SecurityContextHolderAwareRequestFilter@60fc87e8, org.springframework.security.web.authentication.AnonymousAuthenticationFilter@4d548ae7, org.springframework.security.web.session.SessionManagementFilter@46d7c4d0, org.springframework.security.web.access.ExceptionTranslationFilter@749635e9, org.springframework.security.web.access.intercept.FilterSecurityInterceptor@47cd2c21]
2023-01-25 01:39:23.549  INFO 12496 --- [    Test worker] o.s.b.t.m.w.SpringBootMockServletContext : Initializing Spring TestDispatcherServlet ''
2023-01-25 01:39:23.549  INFO 12496 --- [    Test worker] o.s.t.web.servlet.TestDispatcherServlet  : Initializing Servlet ''
2023-01-25 01:39:23.554  INFO 12496 --- [    Test worker] o.s.t.web.servlet.TestDispatcherServlet  : Completed initialization in 4 ms
2023-01-25 01:39:23.559  INFO 12496 --- [    Test worker] n.t.s.a.i.ActivityControllerTest         : Started ActivityControllerTest in 0.783 seconds (JVM running for 11.103)
2023-01-25 01:39:23.601  INFO 12496 --- [    Test worker] o.s.s.concurrent.ThreadPoolTaskExecutor  : Shutting down ExecutorService 'applicationTaskExecutor'
2023-01-25 01:39:23.601  INFO 12496 --- [    Test worker] j.LocalContainerEntityManagerFactoryBean : Closing JPA EntityManagerFactory for persistence unit 'default'
2023-01-25 01:39:23.601  INFO 12496 --- [    Test worker] .SchemaDropperImpl$DelayedDropActionImpl : HHH000477: Starting delayed evictData of schema as part of SessionFactory shut-down'

  .   ____          _            __ _ _
 /\\ / ___'_ __ _ _(_)_ __  __ _ \ \ \ \
( ( )\___ | '_ | '_| | '_ \/ _` | \ \ \ \
 \\/  ___)| |_)| | | | | || (_| |  ) ) ) )
  '  |____| .__|_| |_|_| |_\__, | / / / /
 =========|_|==============|___/=/_/_/_/
 :: Spring Boot ::        (v2.3.5.RELEASE)

2023-01-25 01:39:23.654  INFO 12496 --- [    Test worker] n.t.s.a.i.ActivityControllerTest         : Starting ActivityControllerTest on LAPTOP-VLADI2 with PID 12496 (started by vladi in C:\Portable\Projects\SEM\SEM19a\activity-microservice)
2023-01-25 01:39:23.655  INFO 12496 --- [    Test worker] n.t.s.a.i.ActivityControllerTest         : The following profiles are active: mockAuthenticationManager,mockTokenVerifier,test
2023-01-25 01:39:23.760  INFO 12496 --- [    Test worker] .s.d.r.c.RepositoryConfigurationDelegate : Bootstrapping Spring Data JPA repositories in DEFAULT mode.
2023-01-25 01:39:23.768  INFO 12496 --- [    Test worker] .s.d.r.c.RepositoryConfigurationDelegate : Finished Spring Data repository scanning in 7ms. Found 1 JPA repository interfaces.
2023-01-25 01:39:23.874  INFO 12496 --- [    Test worker] o.hibernate.jpa.internal.util.LogHelper  : HHH000204: Processing PersistenceUnitInfo [name: default]
2023-01-25 01:39:23.881  INFO 12496 --- [    Test worker] org.hibernate.dialect.Dialect            : HHH000400: Using dialect: org.hibernate.dialect.H2Dialect
2023-01-25 01:39:23.948  INFO 12496 --- [    Test worker] o.h.e.t.j.p.i.JtaPlatformInitiator       : HHH000490: Using JtaPlatform implementation: [org.hibernate.engine.transaction.jta.platform.internal.NoJtaPlatform]
2023-01-25 01:39:23.949  INFO 12496 --- [    Test worker] j.LocalContainerEntityManagerFactoryBean : Initialized JPA EntityManagerFactory for persistence unit 'default'
2023-01-25 01:39:23.988  WARN 12496 --- [    Test worker] JpaBaseConfiguration$JpaWebConfiguration : spring.jpa.open-in-view is enabled by default. Therefore, database queries may be performed during view rendering. Explicitly configure spring.jpa.open-in-view to disable this warning
2023-01-25 01:39:24.135  INFO 12496 --- [    Test worker] o.s.s.concurrent.ThreadPoolTaskExecutor  : Initializing ExecutorService 'applicationTaskExecutor'
2023-01-25 01:39:24.146  INFO 12496 --- [    Test worker] o.s.b.a.h2.H2ConsoleAutoConfiguration    : H2 console available at '/h2-console'. Database available at 'jdbc:h2:./activity-microservice/activity'
2023-01-25 01:39:24.274  INFO 12496 --- [    Test worker] .s.s.UserDetailsServiceAutoConfiguration : 

Using generated security password: c11d6b92-217e-4337-8773-02706d523d0c

2023-01-25 01:39:24.310  INFO 12496 --- [    Test worker] o.s.s.web.DefaultSecurityFilterChain     : Creating filter chain: any request, [org.springframework.security.web.context.request.async.WebAsyncManagerIntegrationFilter@20bc4c09, org.springframework.security.web.context.SecurityContextPersistenceFilter@69d142f6, org.springframework.security.web.header.HeaderWriterFilter@58bb50f9, org.springframework.security.web.authentication.logout.LogoutFilter@2d16e71e, nl.tudelft.sem.activity.authentication.JwtRequestFilter@65ec90d5, org.springframework.security.web.savedrequest.RequestCacheAwareFilter@555856fa, org.springframework.security.web.servletapi.SecurityContextHolderAwareRequestFilter@5766f830, org.springframework.security.web.authentication.AnonymousAuthenticationFilter@753cc26d, org.springframework.security.web.session.SessionManagementFilter@43eb44f4, org.springframework.security.web.access.ExceptionTranslationFilter@17556c0a, org.springframework.security.web.access.intercept.FilterSecurityInterceptor@4e71c196]
2023-01-25 01:39:24.333  INFO 12496 --- [    Test worker] o.s.b.t.m.w.SpringBootMockServletContext : Initializing Spring TestDispatcherServlet ''
2023-01-25 01:39:24.333  INFO 12496 --- [    Test worker] o.s.t.web.servlet.TestDispatcherServlet  : Initializing Servlet ''
2023-01-25 01:39:24.337  INFO 12496 --- [    Test worker] o.s.t.web.servlet.TestDispatcherServlet  : Completed initialization in 4 ms
2023-01-25 01:39:24.340  INFO 12496 --- [    Test worker] n.t.s.a.i.ActivityControllerTest         : Started ActivityControllerTest in 0.731 seconds (JVM running for 11.883)
[GOING vladi]
Activity (ID: 0, Organizer: vladi, Description: Club 33, Date and Time: Wed Dec 20 20:30:00 CET 2028, HOA: Pulse) was created.
[GOING vladi]
[GOING bram]
Activity (ID: 0, Organizer: bram, Description: Rest, Date and Time: Mon Mar 01 16:45:00 CET 2027, HOA: Pulse) was created.
[GOING bram]
[GOING alex]
Activity (ID: 0, Organizer: alex, Description: SEM sign-off, Date and Time: Sun Jul 28 10:15:00 CEST 2019, HOA: Building 28) was created.
[GOING alex]
[GOING rafa]
Activity (ID: 0, Organizer: rafa, Description: SEM check, Date and Time: Wed Jan 13 08:30:00 CET 2016, HOA: Building 28) was created.
[GOING rafa]
[GOING alex]
Activity (ID: 0, Organizer: alex, Description: Piano concert, Date and Time: Wed Dec 20 20:30:00 CET 2028, HOA: Building 28) was created.
[GOING alex]
[GOING alex]
[GOING rafa]
[GOING alex]
2023-01-25 01:39:24.406  INFO 12496 --- [    Test worker] o.s.s.concurrent.ThreadPoolTaskExecutor  : Shutting down ExecutorService 'applicationTaskExecutor'
2023-01-25 01:39:24.406  INFO 12496 --- [    Test worker] j.LocalContainerEntityManagerFactoryBean : Closing JPA EntityManagerFactory for persistence unit 'default'
2023-01-25 01:39:24.406  INFO 12496 --- [    Test worker] .SchemaDropperImpl$DelayedDropActionImpl : HHH000477: Starting delayed evictData of schema as part of SessionFactory shut-down'

  .   ____          _            __ _ _
 /\\ / ___'_ __ _ _(_)_ __  __ _ \ \ \ \
( ( )\___ | '_ | '_| | '_ \/ _` | \ \ \ \
 \\/  ___)| |_)| | | | | || (_| |  ) ) ) )
  '  |____| .__|_| |_|_| |_\__, | / / / /
 =========|_|==============|___/=/_/_/_/
 :: Spring Boot ::        (v2.3.5.RELEASE)

2023-01-25 01:39:24.454  INFO 12496 --- [    Test worker] n.t.s.a.i.ActivityControllerTest         : Starting ActivityControllerTest on LAPTOP-VLADI2 with PID 12496 (started by vladi in C:\Portable\Projects\SEM\SEM19a\activity-microservice)
2023-01-25 01:39:24.454  INFO 12496 --- [    Test worker] n.t.s.a.i.ActivityControllerTest         : The following profiles are active: mockAuthenticationManager,mockTokenVerifier,test
2023-01-25 01:39:24.533  INFO 12496 --- [    Test worker] .s.d.r.c.RepositoryConfigurationDelegate : Bootstrapping Spring Data JPA repositories in DEFAULT mode.
2023-01-25 01:39:24.539  INFO 12496 --- [    Test worker] .s.d.r.c.RepositoryConfigurationDelegate : Finished Spring Data repository scanning in 6ms. Found 1 JPA repository interfaces.
2023-01-25 01:39:24.627  INFO 12496 --- [    Test worker] o.hibernate.jpa.internal.util.LogHelper  : HHH000204: Processing PersistenceUnitInfo [name: default]
2023-01-25 01:39:24.633  INFO 12496 --- [    Test worker] org.hibernate.dialect.Dialect            : HHH000400: Using dialect: org.hibernate.dialect.H2Dialect
2023-01-25 01:39:24.693  INFO 12496 --- [    Test worker] o.h.e.t.j.p.i.JtaPlatformInitiator       : HHH000490: Using JtaPlatform implementation: [org.hibernate.engine.transaction.jta.platform.internal.NoJtaPlatform]
2023-01-25 01:39:24.693  INFO 12496 --- [    Test worker] j.LocalContainerEntityManagerFactoryBean : Initialized JPA EntityManagerFactory for persistence unit 'default'
2023-01-25 01:39:24.732  WARN 12496 --- [    Test worker] JpaBaseConfiguration$JpaWebConfiguration : spring.jpa.open-in-view is enabled by default. Therefore, database queries may be performed during view rendering. Explicitly configure spring.jpa.open-in-view to disable this warning
2023-01-25 01:39:24.872  INFO 12496 --- [    Test worker] o.s.s.concurrent.ThreadPoolTaskExecutor  : Initializing ExecutorService 'applicationTaskExecutor'
2023-01-25 01:39:24.884  INFO 12496 --- [    Test worker] o.s.b.a.h2.H2ConsoleAutoConfiguration    : H2 console available at '/h2-console'. Database available at 'jdbc:h2:./activity-microservice/activity'
2023-01-25 01:39:25.024  INFO 12496 --- [    Test worker] .s.s.UserDetailsServiceAutoConfiguration : 

Using generated security password: f528144c-f122-4a3e-8b13-721af6dec7b6

2023-01-25 01:39:25.067  INFO 12496 --- [    Test worker] o.s.s.web.DefaultSecurityFilterChain     : Creating filter chain: any request, [org.springframework.security.web.context.request.async.WebAsyncManagerIntegrationFilter@1f2eb34c, org.springframework.security.web.context.SecurityContextPersistenceFilter@6e5e36ab, org.springframework.security.web.header.HeaderWriterFilter@52b11deb, org.springframework.security.web.authentication.logout.LogoutFilter@60274863, nl.tudelft.sem.activity.authentication.JwtRequestFilter@538ee7ab, org.springframework.security.web.savedrequest.RequestCacheAwareFilter@52a72430, org.springframework.security.web.servletapi.SecurityContextHolderAwareRequestFilter@8a325ca, org.springframework.security.web.authentication.AnonymousAuthenticationFilter@7ca3fa41, org.springframework.security.web.session.SessionManagementFilter@104ce963, org.springframework.security.web.access.ExceptionTranslationFilter@14150a0a, org.springframework.security.web.access.intercept.FilterSecurityInterceptor@57ecd447]
2023-01-25 01:39:25.093  INFO 12496 --- [    Test worker] o.s.b.t.m.w.SpringBootMockServletContext : Initializing Spring TestDispatcherServlet ''
2023-01-25 01:39:25.093  INFO 12496 --- [    Test worker] o.s.t.web.servlet.TestDispatcherServlet  : Initializing Servlet ''
2023-01-25 01:39:25.097  INFO 12496 --- [    Test worker] o.s.t.web.servlet.TestDispatcherServlet  : Completed initialization in 4 ms
2023-01-25 01:39:25.100  INFO 12496 --- [    Test worker] n.t.s.a.i.ActivityControllerTest         : Started ActivityControllerTest in 0.688 seconds (JVM running for 12.644)
[GOING vladi]
Activity (ID: 0, Organizer: vladi, Description: Club 33, Date and Time: Wed Dec 20 20:30:00 CET 2028, HOA: Pulse) was created.
[GOING vladi]
[GOING bram]
Activity (ID: 0, Organizer: bram, Description: Rest, Date and Time: Mon Mar 01 16:45:00 CET 2027, HOA: Pulse) was created.
[GOING bram]
[GOING alex]
Activity (ID: 0, Organizer: alex, Description: SEM sign-off, Date and Time: Sun Jul 28 10:15:00 CEST 2019, HOA: Building 28) was created.
[GOING alex]
[GOING rafa]
Activity (ID: 0, Organizer: rafa, Description: SEM check, Date and Time: Wed Jan 13 08:30:00 CET 2016, HOA: Building 28) was created.
[GOING rafa]
[GOING alex]
Activity (ID: 0, Organizer: alex, Description: Piano concert, Date and Time: Wed Dec 20 20:30:00 CET 2028, HOA: Building 28) was created.
[GOING alex]
2023-01-25 01:39:25.163  INFO 12496 --- [    Test worker] o.s.s.concurrent.ThreadPoolTaskExecutor  : Shutting down ExecutorService 'applicationTaskExecutor'
2023-01-25 01:39:25.163  INFO 12496 --- [    Test worker] j.LocalContainerEntityManagerFactoryBean : Closing JPA EntityManagerFactory for persistence unit 'default'
2023-01-25 01:39:25.163  INFO 12496 --- [    Test worker] .SchemaDropperImpl$DelayedDropActionImpl : HHH000477: Starting delayed evictData of schema as part of SessionFactory shut-down'

  .   ____          _            __ _ _
 /\\ / ___'_ __ _ _(_)_ __  __ _ \ \ \ \
( ( )\___ | '_ | '_| | '_ \/ _` | \ \ \ \
 \\/  ___)| |_)| | | | | || (_| |  ) ) ) )
  '  |____| .__|_| |_|_| |_\__, | / / / /
 =========|_|==============|___/=/_/_/_/
 :: Spring Boot ::        (v2.3.5.RELEASE)

2023-01-25 01:39:25.210  INFO 12496 --- [    Test worker] n.t.s.a.i.ActivityControllerTest         : Starting ActivityControllerTest on LAPTOP-VLADI2 with PID 12496 (started by vladi in C:\Portable\Projects\SEM\SEM19a\activity-microservice)
2023-01-25 01:39:25.210  INFO 12496 --- [    Test worker] n.t.s.a.i.ActivityControllerTest         : The following profiles are active: mockAuthenticationManager,mockTokenVerifier,test
2023-01-25 01:39:25.290  INFO 12496 --- [    Test worker] .s.d.r.c.RepositoryConfigurationDelegate : Bootstrapping Spring Data JPA repositories in DEFAULT mode.
2023-01-25 01:39:25.297  INFO 12496 --- [    Test worker] .s.d.r.c.RepositoryConfigurationDelegate : Finished Spring Data repository scanning in 6ms. Found 1 JPA repository interfaces.
2023-01-25 01:39:25.382  INFO 12496 --- [    Test worker] o.hibernate.jpa.internal.util.LogHelper  : HHH000204: Processing PersistenceUnitInfo [name: default]
2023-01-25 01:39:25.387  INFO 12496 --- [    Test worker] org.hibernate.dialect.Dialect            : HHH000400: Using dialect: org.hibernate.dialect.H2Dialect
2023-01-25 01:39:25.452  INFO 12496 --- [    Test worker] o.h.e.t.j.p.i.JtaPlatformInitiator       : HHH000490: Using JtaPlatform implementation: [org.hibernate.engine.transaction.jta.platform.internal.NoJtaPlatform]
2023-01-25 01:39:25.452  INFO 12496 --- [    Test worker] j.LocalContainerEntityManagerFactoryBean : Initialized JPA EntityManagerFactory for persistence unit 'default'
2023-01-25 01:39:25.485  WARN 12496 --- [    Test worker] JpaBaseConfiguration$JpaWebConfiguration : spring.jpa.open-in-view is enabled by default. Therefore, database queries may be performed during view rendering. Explicitly configure spring.jpa.open-in-view to disable this warning
2023-01-25 01:39:25.608  INFO 12496 --- [    Test worker] o.s.s.concurrent.ThreadPoolTaskExecutor  : Initializing ExecutorService 'applicationTaskExecutor'
2023-01-25 01:39:25.618  INFO 12496 --- [    Test worker] o.s.b.a.h2.H2ConsoleAutoConfiguration    : H2 console available at '/h2-console'. Database available at 'jdbc:h2:./activity-microservice/activity'
2023-01-25 01:39:25.748  INFO 12496 --- [    Test worker] .s.s.UserDetailsServiceAutoConfiguration : 

Using generated security password: a9b20cfe-b957-4aad-9261-38429bbd16ea

2023-01-25 01:39:25.785  INFO 12496 --- [    Test worker] o.s.s.web.DefaultSecurityFilterChain     : Creating filter chain: any request, [org.springframework.security.web.context.request.async.WebAsyncManagerIntegrationFilter@2639ec96, org.springframework.security.web.context.SecurityContextPersistenceFilter@108f206f, org.springframework.security.web.header.HeaderWriterFilter@ac00987, org.springframework.security.web.authentication.logout.LogoutFilter@324a5741, nl.tudelft.sem.activity.authentication.JwtRequestFilter@578fb678, org.springframework.security.web.savedrequest.RequestCacheAwareFilter@5f4ba89e, org.springframework.security.web.servletapi.SecurityContextHolderAwareRequestFilter@554d0ec1, org.springframework.security.web.authentication.AnonymousAuthenticationFilter@236a7f65, org.springframework.security.web.session.SessionManagementFilter@4fa8389b, org.springframework.security.web.access.ExceptionTranslationFilter@6b4499f1, org.springframework.security.web.access.intercept.FilterSecurityInterceptor@464de3f6]
2023-01-25 01:39:25.808  INFO 12496 --- [    Test worker] o.s.b.t.m.w.SpringBootMockServletContext : Initializing Spring TestDispatcherServlet ''
2023-01-25 01:39:25.808  INFO 12496 --- [    Test worker] o.s.t.web.servlet.TestDispatcherServlet  : Initializing Servlet ''
2023-01-25 01:39:25.812  INFO 12496 --- [    Test worker] o.s.t.web.servlet.TestDispatcherServlet  : Completed initialization in 4 ms
2023-01-25 01:39:25.815  INFO 12496 --- [    Test worker] n.t.s.a.i.ActivityControllerTest         : Started ActivityControllerTest in 0.645 seconds (JVM running for 13.358)
[GOING vladi]
Activity (ID: 0, Organizer: vladi, Description: Club 33, Date and Time: Wed Dec 20 20:30:00 CET 2028, HOA: Pulse) was created.
[GOING vladi]
[GOING bram]
Activity (ID: 0, Organizer: bram, Description: Rest, Date and Time: Mon Mar 01 16:45:00 CET 2027, HOA: Pulse) was created.
[GOING bram]
[GOING alex]
Activity (ID: 0, Organizer: alex, Description: SEM sign-off, Date and Time: Sun Jul 28 10:15:00 CEST 2019, HOA: Building 28) was created.
[GOING alex]
[GOING rafa]
Activity (ID: 0, Organizer: rafa, Description: SEM check, Date and Time: Wed Jan 13 08:30:00 CET 2016, HOA: Building 28) was created.
[GOING rafa]
[GOING alex]
Activity (ID: 0, Organizer: alex, Description: Piano concert, Date and Time: Wed Dec 20 20:30:00 CET 2028, HOA: Building 28) was created.
[GOING alex]
Pulse
[GOING vladi]
Activity (ID: 0, Organizer: vladi, Description: No ideas today, Date and Time: Sat Aug 12 12:30:00 CEST 2023, HOA: Pulse) was created.
[GOING vladi]
2023-01-25 01:39:25.964  INFO 12496 --- [    Test worker] o.s.s.concurrent.ThreadPoolTaskExecutor  : Shutting down ExecutorService 'applicationTaskExecutor'
2023-01-25 01:39:25.964  INFO 12496 --- [    Test worker] j.LocalContainerEntityManagerFactoryBean : Closing JPA EntityManagerFactory for persistence unit 'default'
2023-01-25 01:39:25.964  INFO 12496 --- [    Test worker] .SchemaDropperImpl$DelayedDropActionImpl : HHH000477: Starting delayed evictData of schema as part of SessionFactory shut-down'

  .   ____          _            __ _ _
 /\\ / ___'_ __ _ _(_)_ __  __ _ \ \ \ \
( ( )\___ | '_ | '_| | '_ \/ _` | \ \ \ \
 \\/  ___)| |_)| | | | | || (_| |  ) ) ) )
  '  |____| .__|_| |_|_| |_\__, | / / / /
 =========|_|==============|___/=/_/_/_/
 :: Spring Boot ::        (v2.3.5.RELEASE)

2023-01-25 01:39:26.003  INFO 12496 --- [    Test worker] n.t.s.a.i.ActivityControllerTest         : Starting ActivityControllerTest on LAPTOP-VLADI2 with PID 12496 (started by vladi in C:\Portable\Projects\SEM\SEM19a\activity-microservice)
2023-01-25 01:39:26.003  INFO 12496 --- [    Test worker] n.t.s.a.i.ActivityControllerTest         : The following profiles are active: mockAuthenticationManager,mockTokenVerifier,test
2023-01-25 01:39:26.076  INFO 12496 --- [    Test worker] .s.d.r.c.RepositoryConfigurationDelegate : Bootstrapping Spring Data JPA repositories in DEFAULT mode.
2023-01-25 01:39:26.083  INFO 12496 --- [    Test worker] .s.d.r.c.RepositoryConfigurationDelegate : Finished Spring Data repository scanning in 6ms. Found 1 JPA repository interfaces.
2023-01-25 01:39:26.171  INFO 12496 --- [    Test worker] o.hibernate.jpa.internal.util.LogHelper  : HHH000204: Processing PersistenceUnitInfo [name: default]
2023-01-25 01:39:26.177  INFO 12496 --- [    Test worker] org.hibernate.dialect.Dialect            : HHH000400: Using dialect: org.hibernate.dialect.H2Dialect
2023-01-25 01:39:26.241  INFO 12496 --- [    Test worker] o.h.e.t.j.p.i.JtaPlatformInitiator       : HHH000490: Using JtaPlatform implementation: [org.hibernate.engine.transaction.jta.platform.internal.NoJtaPlatform]
2023-01-25 01:39:26.241  INFO 12496 --- [    Test worker] j.LocalContainerEntityManagerFactoryBean : Initialized JPA EntityManagerFactory for persistence unit 'default'
2023-01-25 01:39:26.273  WARN 12496 --- [    Test worker] JpaBaseConfiguration$JpaWebConfiguration : spring.jpa.open-in-view is enabled by default. Therefore, database queries may be performed during view rendering. Explicitly configure spring.jpa.open-in-view to disable this warning
2023-01-25 01:39:26.394  INFO 12496 --- [    Test worker] o.s.s.concurrent.ThreadPoolTaskExecutor  : Initializing ExecutorService 'applicationTaskExecutor'
2023-01-25 01:39:26.403  INFO 12496 --- [    Test worker] o.s.b.a.h2.H2ConsoleAutoConfiguration    : H2 console available at '/h2-console'. Database available at 'jdbc:h2:./activity-microservice/activity'
2023-01-25 01:39:26.520  INFO 12496 --- [    Test worker] .s.s.UserDetailsServiceAutoConfiguration : 

Using generated security password: 1d12dc00-3661-4593-a9fc-bc0bf92b1ab9

2023-01-25 01:39:26.552  INFO 12496 --- [    Test worker] o.s.s.web.DefaultSecurityFilterChain     : Creating filter chain: any request, [org.springframework.security.web.context.request.async.WebAsyncManagerIntegrationFilter@1ca0f80, org.springframework.security.web.context.SecurityContextPersistenceFilter@4302394a, org.springframework.security.web.header.HeaderWriterFilter@5bbc4f38, org.springframework.security.web.authentication.logout.LogoutFilter@7e0adf35, nl.tudelft.sem.activity.authentication.JwtRequestFilter@13d72307, org.springframework.security.web.savedrequest.RequestCacheAwareFilter@557f969e, org.springframework.security.web.servletapi.SecurityContextHolderAwareRequestFilter@6c83c686, org.springframework.security.web.authentication.AnonymousAuthenticationFilter@e53a969, org.springframework.security.web.session.SessionManagementFilter@3887b71, org.springframework.security.web.access.ExceptionTranslationFilter@52889c68, org.springframework.security.web.access.intercept.FilterSecurityInterceptor@7ad4085c]
2023-01-25 01:39:26.572  INFO 12496 --- [    Test worker] o.s.b.t.m.w.SpringBootMockServletContext : Initializing Spring TestDispatcherServlet ''
2023-01-25 01:39:26.572  INFO 12496 --- [    Test worker] o.s.t.web.servlet.TestDispatcherServlet  : Initializing Servlet ''
2023-01-25 01:39:26.576  INFO 12496 --- [    Test worker] o.s.t.web.servlet.TestDispatcherServlet  : Completed initialization in 4 ms
2023-01-25 01:39:26.579  INFO 12496 --- [    Test worker] n.t.s.a.i.ActivityControllerTest         : Started ActivityControllerTest in 0.608 seconds (JVM running for 14.123)
[GOING vladi]
Activity (ID: 0, Organizer: vladi, Description: Club 33, Date and Time: Wed Dec 20 20:30:00 CET 2028, HOA: Pulse) was created.
[GOING vladi]
[GOING bram]
Activity (ID: 0, Organizer: bram, Description: Rest, Date and Time: Mon Mar 01 16:45:00 CET 2027, HOA: Pulse) was created.
[GOING bram]
[GOING alex]
Activity (ID: 0, Organizer: alex, Description: SEM sign-off, Date and Time: Sun Jul 28 10:15:00 CEST 2019, HOA: Building 28) was created.
[GOING alex]
[GOING rafa]
Activity (ID: 0, Organizer: rafa, Description: SEM check, Date and Time: Wed Jan 13 08:30:00 CET 2016, HOA: Building 28) was created.
[GOING rafa]
[GOING alex]
Activity (ID: 0, Organizer: alex, Description: Piano concert, Date and Time: Wed Dec 20 20:30:00 CET 2028, HOA: Building 28) was created.
[GOING alex]
Pulse
2023-01-25 01:39:26.633  INFO 12496 --- [    Test worker] o.s.s.concurrent.ThreadPoolTaskExecutor  : Shutting down ExecutorService 'applicationTaskExecutor'
2023-01-25 01:39:26.633  INFO 12496 --- [    Test worker] j.LocalContainerEntityManagerFactoryBean : Closing JPA EntityManagerFactory for persistence unit 'default'
2023-01-25 01:39:26.634  INFO 12496 --- [    Test worker] .SchemaDropperImpl$DelayedDropActionImpl : HHH000477: Starting delayed evictData of schema as part of SessionFactory shut-down'

  .   ____          _            __ _ _
 /\\ / ___'_ __ _ _(_)_ __  __ _ \ \ \ \
( ( )\___ | '_ | '_| | '_ \/ _` | \ \ \ \
 \\/  ___)| |_)| | | | | || (_| |  ) ) ) )
  '  |____| .__|_| |_|_| |_\__, | / / / /
 =========|_|==============|___/=/_/_/_/
 :: Spring Boot ::        (v2.3.5.RELEASE)

2023-01-25 01:39:26.675  INFO 12496 --- [    Test worker] n.t.s.a.i.ActivityControllerTest         : Starting ActivityControllerTest on LAPTOP-VLADI2 with PID 12496 (started by vladi in C:\Portable\Projects\SEM\SEM19a\activity-microservice)
2023-01-25 01:39:26.675  INFO 12496 --- [    Test worker] n.t.s.a.i.ActivityControllerTest         : The following profiles are active: mockAuthenticationManager,mockTokenVerifier,test
2023-01-25 01:39:26.749  INFO 12496 --- [    Test worker] .s.d.r.c.RepositoryConfigurationDelegate : Bootstrapping Spring Data JPA repositories in DEFAULT mode.
2023-01-25 01:39:26.756  INFO 12496 --- [    Test worker] .s.d.r.c.RepositoryConfigurationDelegate : Finished Spring Data repository scanning in 5ms. Found 1 JPA repository interfaces.
2023-01-25 01:39:26.833  INFO 12496 --- [    Test worker] o.hibernate.jpa.internal.util.LogHelper  : HHH000204: Processing PersistenceUnitInfo [name: default]
2023-01-25 01:39:26.838  INFO 12496 --- [    Test worker] org.hibernate.dialect.Dialect            : HHH000400: Using dialect: org.hibernate.dialect.H2Dialect
2023-01-25 01:39:26.906  INFO 12496 --- [    Test worker] o.h.e.t.j.p.i.JtaPlatformInitiator       : HHH000490: Using JtaPlatform implementation: [org.hibernate.engine.transaction.jta.platform.internal.NoJtaPlatform]
2023-01-25 01:39:26.906  INFO 12496 --- [    Test worker] j.LocalContainerEntityManagerFactoryBean : Initialized JPA EntityManagerFactory for persistence unit 'default'
2023-01-25 01:39:26.934  WARN 12496 --- [    Test worker] JpaBaseConfiguration$JpaWebConfiguration : spring.jpa.open-in-view is enabled by default. Therefore, database queries may be performed during view rendering. Explicitly configure spring.jpa.open-in-view to disable this warning
2023-01-25 01:39:27.038  INFO 12496 --- [    Test worker] o.s.s.concurrent.ThreadPoolTaskExecutor  : Initializing ExecutorService 'applicationTaskExecutor'
2023-01-25 01:39:27.048  INFO 12496 --- [    Test worker] o.s.b.a.h2.H2ConsoleAutoConfiguration    : H2 console available at '/h2-console'. Database available at 'jdbc:h2:./activity-microservice/activity'
2023-01-25 01:39:27.164  INFO 12496 --- [    Test worker] .s.s.UserDetailsServiceAutoConfiguration : 

Using generated security password: 5bd20a41-ce75-460e-9849-9e7e531330e1

2023-01-25 01:39:27.200  INFO 12496 --- [    Test worker] o.s.s.web.DefaultSecurityFilterChain     : Creating filter chain: any request, [org.springframework.security.web.context.request.async.WebAsyncManagerIntegrationFilter@7c3341c9, org.springframework.security.web.context.SecurityContextPersistenceFilter@266b1bd9, org.springframework.security.web.header.HeaderWriterFilter@2fcad999, org.springframework.security.web.authentication.logout.LogoutFilter@140fb15a, nl.tudelft.sem.activity.authentication.JwtRequestFilter@3b812d71, org.springframework.security.web.savedrequest.RequestCacheAwareFilter@fe9681d, org.springframework.security.web.servletapi.SecurityContextHolderAwareRequestFilter@76966e68, org.springframework.security.web.authentication.AnonymousAuthenticationFilter@7d053139, org.springframework.security.web.session.SessionManagementFilter@5a68d4d6, org.springframework.security.web.access.ExceptionTranslationFilter@6689f455, org.springframework.security.web.access.intercept.FilterSecurityInterceptor@731f9b6b]
2023-01-25 01:39:27.229  INFO 12496 --- [    Test worker] o.s.b.t.m.w.SpringBootMockServletContext : Initializing Spring TestDispatcherServlet ''
2023-01-25 01:39:27.229  INFO 12496 --- [    Test worker] o.s.t.web.servlet.TestDispatcherServlet  : Initializing Servlet ''
2023-01-25 01:39:27.233  INFO 12496 --- [    Test worker] o.s.t.web.servlet.TestDispatcherServlet  : Completed initialization in 4 ms
2023-01-25 01:39:27.236  INFO 12496 --- [    Test worker] n.t.s.a.i.ActivityControllerTest         : Started ActivityControllerTest in 0.596 seconds (JVM running for 14.779)
[GOING vladi]
Activity (ID: 0, Organizer: vladi, Description: Club 33, Date and Time: Wed Dec 20 20:30:00 CET 2028, HOA: Pulse) was created.
[GOING vladi]
[GOING bram]
Activity (ID: 0, Organizer: bram, Description: Rest, Date and Time: Mon Mar 01 16:45:00 CET 2027, HOA: Pulse) was created.
[GOING bram]
[GOING alex]
Activity (ID: 0, Organizer: alex, Description: SEM sign-off, Date and Time: Sun Jul 28 10:15:00 CEST 2019, HOA: Building 28) was created.
[GOING alex]
[GOING rafa]
Activity (ID: 0, Organizer: rafa, Description: SEM check, Date and Time: Wed Jan 13 08:30:00 CET 2016, HOA: Building 28) was created.
[GOING rafa]
[GOING alex]
Activity (ID: 0, Organizer: alex, Description: Piano concert, Date and Time: Wed Dec 20 20:30:00 CET 2028, HOA: Building 28) was created.
[GOING alex]
2023-01-25 01:39:27.287  INFO 12496 --- [    Test worker] o.s.s.concurrent.ThreadPoolTaskExecutor  : Shutting down ExecutorService 'applicationTaskExecutor'
2023-01-25 01:39:27.287  INFO 12496 --- [    Test worker] j.LocalContainerEntityManagerFactoryBean : Closing JPA EntityManagerFactory for persistence unit 'default'
2023-01-25 01:39:27.287  INFO 12496 --- [    Test worker] .SchemaDropperImpl$DelayedDropActionImpl : HHH000477: Starting delayed evictData of schema as part of SessionFactory shut-down'

  .   ____          _            __ _ _
 /\\ / ___'_ __ _ _(_)_ __  __ _ \ \ \ \
( ( )\___ | '_ | '_| | '_ \/ _` | \ \ \ \
 \\/  ___)| |_)| | | | | || (_| |  ) ) ) )
  '  |____| .__|_| |_|_| |_\__, | / / / /
 =========|_|==============|___/=/_/_/_/
 :: Spring Boot ::        (v2.3.5.RELEASE)

2023-01-25 01:39:27.332  INFO 12496 --- [    Test worker] n.t.s.a.i.ActivityControllerTest         : Starting ActivityControllerTest on LAPTOP-VLADI2 with PID 12496 (started by vladi in C:\Portable\Projects\SEM\SEM19a\activity-microservice)
2023-01-25 01:39:27.332  INFO 12496 --- [    Test worker] n.t.s.a.i.ActivityControllerTest         : The following profiles are active: mockAuthenticationManager,mockTokenVerifier,test
2023-01-25 01:39:27.403  INFO 12496 --- [    Test worker] .s.d.r.c.RepositoryConfigurationDelegate : Bootstrapping Spring Data JPA repositories in DEFAULT mode.
2023-01-25 01:39:27.409  INFO 12496 --- [    Test worker] .s.d.r.c.RepositoryConfigurationDelegate : Finished Spring Data repository scanning in 5ms. Found 1 JPA repository interfaces.
2023-01-25 01:39:27.485  INFO 12496 --- [    Test worker] o.hibernate.jpa.internal.util.LogHelper  : HHH000204: Processing PersistenceUnitInfo [name: default]
2023-01-25 01:39:27.491  INFO 12496 --- [    Test worker] org.hibernate.dialect.Dialect            : HHH000400: Using dialect: org.hibernate.dialect.H2Dialect
2023-01-25 01:39:27.556  INFO 12496 --- [    Test worker] o.h.e.t.j.p.i.JtaPlatformInitiator       : HHH000490: Using JtaPlatform implementation: [org.hibernate.engine.transaction.jta.platform.internal.NoJtaPlatform]
2023-01-25 01:39:27.556  INFO 12496 --- [    Test worker] j.LocalContainerEntityManagerFactoryBean : Initialized JPA EntityManagerFactory for persistence unit 'default'
2023-01-25 01:39:27.585  WARN 12496 --- [    Test worker] JpaBaseConfiguration$JpaWebConfiguration : spring.jpa.open-in-view is enabled by default. Therefore, database queries may be performed during view rendering. Explicitly configure spring.jpa.open-in-view to disable this warning
2023-01-25 01:39:27.701  INFO 12496 --- [    Test worker] o.s.s.concurrent.ThreadPoolTaskExecutor  : Initializing ExecutorService 'applicationTaskExecutor'
2023-01-25 01:39:27.711  INFO 12496 --- [    Test worker] o.s.b.a.h2.H2ConsoleAutoConfiguration    : H2 console available at '/h2-console'. Database available at 'jdbc:h2:./activity-microservice/activity'
2023-01-25 01:39:27.826  INFO 12496 --- [    Test worker] .s.s.UserDetailsServiceAutoConfiguration : 

Using generated security password: c0677f5e-02fe-4614-bf2b-08908268f5a6

2023-01-25 01:39:27.858  INFO 12496 --- [    Test worker] o.s.s.web.DefaultSecurityFilterChain     : Creating filter chain: any request, [org.springframework.security.web.context.request.async.WebAsyncManagerIntegrationFilter@359da2e7, org.springframework.security.web.context.SecurityContextPersistenceFilter@54a989ec, org.springframework.security.web.header.HeaderWriterFilter@4267edd9, org.springframework.security.web.authentication.logout.LogoutFilter@493f14e7, nl.tudelft.sem.activity.authentication.JwtRequestFilter@61b85463, org.springframework.security.web.savedrequest.RequestCacheAwareFilter@38308731, org.springframework.security.web.servletapi.SecurityContextHolderAwareRequestFilter@4544bccb, org.springframework.security.web.authentication.AnonymousAuthenticationFilter@733cb124, org.springframework.security.web.session.SessionManagementFilter@3ef54c8d, org.springframework.security.web.access.ExceptionTranslationFilter@29b8a9a9, org.springframework.security.web.access.intercept.FilterSecurityInterceptor@f03d81a]
2023-01-25 01:39:27.879  INFO 12496 --- [    Test worker] o.s.b.t.m.w.SpringBootMockServletContext : Initializing Spring TestDispatcherServlet ''
2023-01-25 01:39:27.879  INFO 12496 --- [    Test worker] o.s.t.web.servlet.TestDispatcherServlet  : Initializing Servlet ''
2023-01-25 01:39:27.882  INFO 12496 --- [    Test worker] o.s.t.web.servlet.TestDispatcherServlet  : Completed initialization in 3 ms
2023-01-25 01:39:27.885  INFO 12496 --- [    Test worker] n.t.s.a.i.ActivityControllerTest         : Started ActivityControllerTest in 0.59 seconds (JVM running for 15.428)
[GOING vladi]
Activity (ID: 0, Organizer: vladi, Description: Club 33, Date and Time: Wed Dec 20 20:30:00 CET 2028, HOA: Pulse) was created.
[GOING vladi]
[GOING bram]
Activity (ID: 0, Organizer: bram, Description: Rest, Date and Time: Mon Mar 01 16:45:00 CET 2027, HOA: Pulse) was created.
[GOING bram]
[GOING alex]
Activity (ID: 0, Organizer: alex, Description: SEM sign-off, Date and Time: Sun Jul 28 10:15:00 CEST 2019, HOA: Building 28) was created.
[GOING alex]
[GOING rafa]
Activity (ID: 0, Organizer: rafa, Description: SEM check, Date and Time: Wed Jan 13 08:30:00 CET 2016, HOA: Building 28) was created.
[GOING rafa]
[GOING alex]
Activity (ID: 0, Organizer: alex, Description: Piano concert, Date and Time: Wed Dec 20 20:30:00 CET 2028, HOA: Building 28) was created.
[GOING alex]
[GOING bram]
[GOING bram,NOT_INTERESTED vladi]
[GOING bram,NOT_INTERESTED vladi]
2023-01-25 01:39:27.982  INFO 12496 --- [    Test worker] o.s.s.concurrent.ThreadPoolTaskExecutor  : Shutting down ExecutorService 'applicationTaskExecutor'
2023-01-25 01:39:27.982  INFO 12496 --- [    Test worker] j.LocalContainerEntityManagerFactoryBean : Closing JPA EntityManagerFactory for persistence unit 'default'
2023-01-25 01:39:27.982  INFO 12496 --- [    Test worker] .SchemaDropperImpl$DelayedDropActionImpl : HHH000477: Starting delayed evictData of schema as part of SessionFactory shut-down'

  .   ____          _            __ _ _
 /\\ / ___'_ __ _ _(_)_ __  __ _ \ \ \ \
( ( )\___ | '_ | '_| | '_ \/ _` | \ \ \ \
 \\/  ___)| |_)| | | | | || (_| |  ) ) ) )
  '  |____| .__|_| |_|_| |_\__, | / / / /
 =========|_|==============|___/=/_/_/_/
 :: Spring Boot ::        (v2.3.5.RELEASE)

2023-01-25 01:39:28.022  INFO 12496 --- [    Test worker] n.t.s.a.i.ActivityControllerTest         : Starting ActivityControllerTest on LAPTOP-VLADI2 with PID 12496 (started by vladi in C:\Portable\Projects\SEM\SEM19a\activity-microservice)
2023-01-25 01:39:28.022  INFO 12496 --- [    Test worker] n.t.s.a.i.ActivityControllerTest         : The following profiles are active: mockAuthenticationManager,mockTokenVerifier,test
2023-01-25 01:39:28.096  INFO 12496 --- [    Test worker] .s.d.r.c.RepositoryConfigurationDelegate : Bootstrapping Spring Data JPA repositories in DEFAULT mode.
2023-01-25 01:39:28.102  INFO 12496 --- [    Test worker] .s.d.r.c.RepositoryConfigurationDelegate : Finished Spring Data repository scanning in 5ms. Found 1 JPA repository interfaces.
2023-01-25 01:39:28.175  INFO 12496 --- [    Test worker] o.hibernate.jpa.internal.util.LogHelper  : HHH000204: Processing PersistenceUnitInfo [name: default]
2023-01-25 01:39:28.180  INFO 12496 --- [    Test worker] org.hibernate.dialect.Dialect            : HHH000400: Using dialect: org.hibernate.dialect.H2Dialect
2023-01-25 01:39:28.248  INFO 12496 --- [    Test worker] o.h.e.t.j.p.i.JtaPlatformInitiator       : HHH000490: Using JtaPlatform implementation: [org.hibernate.engine.transaction.jta.platform.internal.NoJtaPlatform]
2023-01-25 01:39:28.248  INFO 12496 --- [    Test worker] j.LocalContainerEntityManagerFactoryBean : Initialized JPA EntityManagerFactory for persistence unit 'default'
2023-01-25 01:39:28.277  WARN 12496 --- [    Test worker] JpaBaseConfiguration$JpaWebConfiguration : spring.jpa.open-in-view is enabled by default. Therefore, database queries may be performed during view rendering. Explicitly configure spring.jpa.open-in-view to disable this warning
2023-01-25 01:39:28.402  INFO 12496 --- [    Test worker] o.s.s.concurrent.ThreadPoolTaskExecutor  : Initializing ExecutorService 'applicationTaskExecutor'
2023-01-25 01:39:28.411  INFO 12496 --- [    Test worker] o.s.b.a.h2.H2ConsoleAutoConfiguration    : H2 console available at '/h2-console'. Database available at 'jdbc:h2:./activity-microservice/activity'
2023-01-25 01:39:28.546  INFO 12496 --- [    Test worker] .s.s.UserDetailsServiceAutoConfiguration : 

Using generated security password: 0c7b9fa3-a880-427c-9e74-8be259080bd0

2023-01-25 01:39:28.578  INFO 12496 --- [    Test worker] o.s.s.web.DefaultSecurityFilterChain     : Creating filter chain: any request, [org.springframework.security.web.context.request.async.WebAsyncManagerIntegrationFilter@7f4358b8, org.springframework.security.web.context.SecurityContextPersistenceFilter@7094c7e9, org.springframework.security.web.header.HeaderWriterFilter@4bc1a53c, org.springframework.security.web.authentication.logout.LogoutFilter@3d6d5694, nl.tudelft.sem.activity.authentication.JwtRequestFilter@368352c0, org.springframework.security.web.savedrequest.RequestCacheAwareFilter@89ebacd, org.springframework.security.web.servletapi.SecurityContextHolderAwareRequestFilter@4eb016a7, org.springframework.security.web.authentication.AnonymousAuthenticationFilter@ec0678, org.springframework.security.web.session.SessionManagementFilter@4b2dd504, org.springframework.security.web.access.ExceptionTranslationFilter@5bfa9a7, org.springframework.security.web.access.intercept.FilterSecurityInterceptor@2659add8]
2023-01-25 01:39:28.600  INFO 12496 --- [    Test worker] o.s.b.t.m.w.SpringBootMockServletContext : Initializing Spring TestDispatcherServlet ''
2023-01-25 01:39:28.600  INFO 12496 --- [    Test worker] o.s.t.web.servlet.TestDispatcherServlet  : Initializing Servlet ''
2023-01-25 01:39:28.603  INFO 12496 --- [    Test worker] o.s.t.web.servlet.TestDispatcherServlet  : Completed initialization in 3 ms
2023-01-25 01:39:28.605  INFO 12496 --- [    Test worker] n.t.s.a.i.ActivityControllerTest         : Started ActivityControllerTest in 0.619 seconds (JVM running for 16.149)
[GOING vladi]
Activity (ID: 0, Organizer: vladi, Description: Club 33, Date and Time: Wed Dec 20 20:30:00 CET 2028, HOA: Pulse) was created.
[GOING vladi]
[GOING bram]
Activity (ID: 0, Organizer: bram, Description: Rest, Date and Time: Mon Mar 01 16:45:00 CET 2027, HOA: Pulse) was created.
[GOING bram]
[GOING alex]
Activity (ID: 0, Organizer: alex, Description: SEM sign-off, Date and Time: Sun Jul 28 10:15:00 CEST 2019, HOA: Building 28) was created.
[GOING alex]
[GOING rafa]
Activity (ID: 0, Organizer: rafa, Description: SEM check, Date and Time: Wed Jan 13 08:30:00 CET 2016, HOA: Building 28) was created.
[GOING rafa]
[GOING alex]
Activity (ID: 0, Organizer: alex, Description: Piano concert, Date and Time: Wed Dec 20 20:30:00 CET 2028, HOA: Building 28) was created.
[GOING alex]
[GOING alex]
2023-01-25 01:39:28.684  INFO 12496 --- [    Test worker] o.s.s.concurrent.ThreadPoolTaskExecutor  : Shutting down ExecutorService 'applicationTaskExecutor'
2023-01-25 01:39:28.685  INFO 12496 --- [    Test worker] j.LocalContainerEntityManagerFactoryBean : Closing JPA EntityManagerFactory for persistence unit 'default'
2023-01-25 01:39:28.685  INFO 12496 --- [    Test worker] .SchemaDropperImpl$DelayedDropActionImpl : HHH000477: Starting delayed evictData of schema as part of SessionFactory shut-down'

  .   ____          _            __ _ _
 /\\ / ___'_ __ _ _(_)_ __  __ _ \ \ \ \
( ( )\___ | '_ | '_| | '_ \/ _` | \ \ \ \
 \\/  ___)| |_)| | | | | || (_| |  ) ) ) )
  '  |____| .__|_| |_|_| |_\__, | / / / /
 =========|_|==============|___/=/_/_/_/
 :: Spring Boot ::        (v2.3.5.RELEASE)

2023-01-25 01:39:28.729  INFO 12496 --- [    Test worker] n.t.s.a.i.ActivityControllerTest         : Starting ActivityControllerTest on LAPTOP-VLADI2 with PID 12496 (started by vladi in C:\Portable\Projects\SEM\SEM19a\activity-microservice)
2023-01-25 01:39:28.729  INFO 12496 --- [    Test worker] n.t.s.a.i.ActivityControllerTest         : The following profiles are active: mockAuthenticationManager,mockTokenVerifier,test
2023-01-25 01:39:28.810  INFO 12496 --- [    Test worker] .s.d.r.c.RepositoryConfigurationDelegate : Bootstrapping Spring Data JPA repositories in DEFAULT mode.
2023-01-25 01:39:28.817  INFO 12496 --- [    Test worker] .s.d.r.c.RepositoryConfigurationDelegate : Finished Spring Data repository scanning in 6ms. Found 1 JPA repository interfaces.
2023-01-25 01:39:28.900  INFO 12496 --- [    Test worker] o.hibernate.jpa.internal.util.LogHelper  : HHH000204: Processing PersistenceUnitInfo [name: default]
2023-01-25 01:39:28.906  INFO 12496 --- [    Test worker] org.hibernate.dialect.Dialect            : HHH000400: Using dialect: org.hibernate.dialect.H2Dialect
2023-01-25 01:39:28.968  INFO 12496 --- [    Test worker] o.h.e.t.j.p.i.JtaPlatformInitiator       : HHH000490: Using JtaPlatform implementation: [org.hibernate.engine.transaction.jta.platform.internal.NoJtaPlatform]
2023-01-25 01:39:28.968  INFO 12496 --- [    Test worker] j.LocalContainerEntityManagerFactoryBean : Initialized JPA EntityManagerFactory for persistence unit 'default'
2023-01-25 01:39:29.001  WARN 12496 --- [    Test worker] JpaBaseConfiguration$JpaWebConfiguration : spring.jpa.open-in-view is enabled by default. Therefore, database queries may be performed during view rendering. Explicitly configure spring.jpa.open-in-view to disable this warning
2023-01-25 01:39:29.127  INFO 12496 --- [    Test worker] o.s.s.concurrent.ThreadPoolTaskExecutor  : Initializing ExecutorService 'applicationTaskExecutor'
2023-01-25 01:39:29.138  INFO 12496 --- [    Test worker] o.s.b.a.h2.H2ConsoleAutoConfiguration    : H2 console available at '/h2-console'. Database available at 'jdbc:h2:./activity-microservice/activity'
2023-01-25 01:39:29.255  INFO 12496 --- [    Test worker] .s.s.UserDetailsServiceAutoConfiguration : 

Using generated security password: 4ef5db0b-8b44-4e05-a124-ef7a5c9ef763

2023-01-25 01:39:29.289  INFO 12496 --- [    Test worker] o.s.s.web.DefaultSecurityFilterChain     : Creating filter chain: any request, [org.springframework.security.web.context.request.async.WebAsyncManagerIntegrationFilter@7b836cf6, org.springframework.security.web.context.SecurityContextPersistenceFilter@2c2a6ccc, org.springframework.security.web.header.HeaderWriterFilter@48ea0ab7, org.springframework.security.web.authentication.logout.LogoutFilter@7c5abd91, nl.tudelft.sem.activity.authentication.JwtRequestFilter@4327b21f, org.springframework.security.web.savedrequest.RequestCacheAwareFilter@1e9d8137, org.springframework.security.web.servletapi.SecurityContextHolderAwareRequestFilter@6ba9fe1, org.springframework.security.web.authentication.AnonymousAuthenticationFilter@59412c, org.springframework.security.web.session.SessionManagementFilter@1f7354be, org.springframework.security.web.access.ExceptionTranslationFilter@59ad6503, org.springframework.security.web.access.intercept.FilterSecurityInterceptor@551e9796]
2023-01-25 01:39:29.310  INFO 12496 --- [    Test worker] o.s.b.t.m.w.SpringBootMockServletContext : Initializing Spring TestDispatcherServlet ''
2023-01-25 01:39:29.310  INFO 12496 --- [    Test worker] o.s.t.web.servlet.TestDispatcherServlet  : Initializing Servlet ''
2023-01-25 01:39:29.314  INFO 12496 --- [    Test worker] o.s.t.web.servlet.TestDispatcherServlet  : Completed initialization in 4 ms
2023-01-25 01:39:29.317  INFO 12496 --- [    Test worker] n.t.s.a.i.ActivityControllerTest         : Started ActivityControllerTest in 0.626 seconds (JVM running for 16.861)
[GOING vladi]
Activity (ID: 0, Organizer: vladi, Description: Club 33, Date and Time: Wed Dec 20 20:30:00 CET 2028, HOA: Pulse) was created.
[GOING vladi]
[GOING bram]
Activity (ID: 0, Organizer: bram, Description: Rest, Date and Time: Mon Mar 01 16:45:00 CET 2027, HOA: Pulse) was created.
[GOING bram]
[GOING alex]
Activity (ID: 0, Organizer: alex, Description: SEM sign-off, Date and Time: Sun Jul 28 10:15:00 CEST 2019, HOA: Building 28) was created.
[GOING alex]
[GOING rafa]
Activity (ID: 0, Organizer: rafa, Description: SEM check, Date and Time: Wed Jan 13 08:30:00 CET 2016, HOA: Building 28) was created.
[GOING rafa]
[GOING alex]
Activity (ID: 0, Organizer: alex, Description: Piano concert, Date and Time: Wed Dec 20 20:30:00 CET 2028, HOA: Building 28) was created.
[GOING alex]
]]></system-out>
  <system-err><![CDATA[java.text.ParseException: Unparseable date: "hxjfh30"
	at java.base/java.text.DateFormat.parse(DateFormat.java:395)
	at nl.tudelft.sem.activity.controllers.ActivityController.registerActivity(ActivityController.java:149)
	at java.base/jdk.internal.reflect.NativeMethodAccessorImpl.invoke0(Native Method)
	at java.base/jdk.internal.reflect.NativeMethodAccessorImpl.invoke(NativeMethodAccessorImpl.java:62)
	at java.base/jdk.internal.reflect.DelegatingMethodAccessorImpl.invoke(DelegatingMethodAccessorImpl.java:43)
	at java.base/java.lang.reflect.Method.invoke(Method.java:566)
	at org.springframework.web.method.support.InvocableHandlerMethod.doInvoke(InvocableHandlerMethod.java:190)
	at org.springframework.web.method.support.InvocableHandlerMethod.invokeForRequest(InvocableHandlerMethod.java:138)
	at org.springframework.web.servlet.mvc.method.annotation.ServletInvocableHandlerMethod.invokeAndHandle(ServletInvocableHandlerMethod.java:105)
	at org.springframework.web.servlet.mvc.method.annotation.RequestMappingHandlerAdapter.invokeHandlerMethod(RequestMappingHandlerAdapter.java:878)
	at org.springframework.web.servlet.mvc.method.annotation.RequestMappingHandlerAdapter.handleInternal(RequestMappingHandlerAdapter.java:792)
	at org.springframework.web.servlet.mvc.method.AbstractHandlerMethodAdapter.handle(AbstractHandlerMethodAdapter.java:87)
	at org.springframework.web.servlet.DispatcherServlet.doDispatch(DispatcherServlet.java:1040)
	at org.springframework.web.servlet.DispatcherServlet.doService(DispatcherServlet.java:943)
	at org.springframework.web.servlet.FrameworkServlet.processRequest(FrameworkServlet.java:1006)
	at org.springframework.web.servlet.FrameworkServlet.doPost(FrameworkServlet.java:909)
	at javax.servlet.http.HttpServlet.service(HttpServlet.java:652)
	at org.springframework.web.servlet.FrameworkServlet.service(FrameworkServlet.java:883)
	at org.springframework.test.web.servlet.TestDispatcherServlet.service(TestDispatcherServlet.java:72)
	at javax.servlet.http.HttpServlet.service(HttpServlet.java:733)
	at org.springframework.mock.web.MockFilterChain$ServletFilterProxy.doFilter(MockFilterChain.java:167)
	at org.springframework.mock.web.MockFilterChain.doFilter(MockFilterChain.java:134)
	at org.springframework.web.filter.OncePerRequestFilter.doFilter(OncePerRequestFilter.java:113)
	at org.springframework.mock.web.MockFilterChain.doFilter(MockFilterChain.java:134)
	at org.springframework.security.web.FilterChainProxy$VirtualFilterChain.doFilter(FilterChainProxy.java:320)
	at org.springframework.security.web.access.intercept.FilterSecurityInterceptor.invoke(FilterSecurityInterceptor.java:126)
	at org.springframework.security.web.access.intercept.FilterSecurityInterceptor.doFilter(FilterSecurityInterceptor.java:90)
	at org.springframework.security.web.FilterChainProxy$VirtualFilterChain.doFilter(FilterChainProxy.java:334)
	at org.springframework.security.web.access.ExceptionTranslationFilter.doFilter(ExceptionTranslationFilter.java:118)
	at org.springframework.security.web.FilterChainProxy$VirtualFilterChain.doFilter(FilterChainProxy.java:334)
	at org.springframework.security.web.session.SessionManagementFilter.doFilter(SessionManagementFilter.java:137)
	at org.springframework.security.web.FilterChainProxy$VirtualFilterChain.doFilter(FilterChainProxy.java:334)
	at org.springframework.security.web.authentication.AnonymousAuthenticationFilter.doFilter(AnonymousAuthenticationFilter.java:111)
	at org.springframework.security.web.FilterChainProxy$VirtualFilterChain.doFilter(FilterChainProxy.java:334)
	at org.springframework.security.web.servletapi.SecurityContextHolderAwareRequestFilter.doFilter(SecurityContextHolderAwareRequestFilter.java:158)
	at org.springframework.security.web.FilterChainProxy$VirtualFilterChain.doFilter(FilterChainProxy.java:334)
	at org.springframework.security.web.savedrequest.RequestCacheAwareFilter.doFilter(RequestCacheAwareFilter.java:63)
	at org.springframework.security.web.FilterChainProxy$VirtualFilterChain.doFilter(FilterChainProxy.java:334)
	at nl.tudelft.sem.activity.authentication.JwtRequestFilter.doFilterInternal(JwtRequestFilter.java:90)
	at org.springframework.web.filter.OncePerRequestFilter.doFilter(OncePerRequestFilter.java:119)
	at org.springframework.security.web.FilterChainProxy$VirtualFilterChain.doFilter(FilterChainProxy.java:334)
	at org.springframework.security.web.authentication.logout.LogoutFilter.doFilter(LogoutFilter.java:116)
	at org.springframework.security.web.FilterChainProxy$VirtualFilterChain.doFilter(FilterChainProxy.java:334)
	at org.springframework.security.web.header.HeaderWriterFilter.doHeadersAfter(HeaderWriterFilter.java:92)
	at org.springframework.security.web.header.HeaderWriterFilter.doFilterInternal(HeaderWriterFilter.java:77)
	at org.springframework.web.filter.OncePerRequestFilter.doFilter(OncePerRequestFilter.java:119)
	at org.springframework.security.web.FilterChainProxy$VirtualFilterChain.doFilter(FilterChainProxy.java:334)
	at org.springframework.security.web.context.SecurityContextPersistenceFilter.doFilter(SecurityContextPersistenceFilter.java:105)
	at org.springframework.security.web.FilterChainProxy$VirtualFilterChain.doFilter(FilterChainProxy.java:334)
	at org.springframework.security.web.context.request.async.WebAsyncManagerIntegrationFilter.doFilterInternal(WebAsyncManagerIntegrationFilter.java:56)
	at org.springframework.web.filter.OncePerRequestFilter.doFilter(OncePerRequestFilter.java:119)
	at org.springframework.security.web.FilterChainProxy$VirtualFilterChain.doFilter(FilterChainProxy.java:334)
	at org.springframework.security.web.FilterChainProxy.doFilterInternal(FilterChainProxy.java:215)
	at org.springframework.security.web.FilterChainProxy.doFilter(FilterChainProxy.java:178)
	at org.springframework.web.filter.DelegatingFilterProxy.invokeDelegate(DelegatingFilterProxy.java:358)
	at org.springframework.web.filter.DelegatingFilterProxy.doFilter(DelegatingFilterProxy.java:271)
	at org.springframework.mock.web.MockFilterChain.doFilter(MockFilterChain.java:134)
	at org.springframework.web.filter.RequestContextFilter.doFilterInternal(RequestContextFilter.java:100)
	at org.springframework.web.filter.OncePerRequestFilter.doFilter(OncePerRequestFilter.java:119)
	at org.springframework.mock.web.MockFilterChain.doFilter(MockFilterChain.java:134)
	at org.springframework.web.filter.FormContentFilter.doFilterInternal(FormContentFilter.java:93)
	at org.springframework.web.filter.OncePerRequestFilter.doFilter(OncePerRequestFilter.java:119)
	at org.springframework.mock.web.MockFilterChain.doFilter(MockFilterChain.java:134)
	at org.springframework.web.filter.CharacterEncodingFilter.doFilterInternal(CharacterEncodingFilter.java:201)
	at org.springframework.web.filter.OncePerRequestFilter.doFilter(OncePerRequestFilter.java:119)
	at org.springframework.mock.web.MockFilterChain.doFilter(MockFilterChain.java:134)
	at org.springframework.test.web.servlet.MockMvc.perform(MockMvc.java:183)
	at nl.tudelft.sem.activity.integration.ActivityControllerTest.registerActivityTest2(ActivityControllerTest.java:263)
	at java.base/jdk.internal.reflect.NativeMethodAccessorImpl.invoke0(Native Method)
	at java.base/jdk.internal.reflect.NativeMethodAccessorImpl.invoke(NativeMethodAccessorImpl.java:62)
	at java.base/jdk.internal.reflect.DelegatingMethodAccessorImpl.invoke(DelegatingMethodAccessorImpl.java:43)
	at java.base/java.lang.reflect.Method.invoke(Method.java:566)
	at org.junit.platform.commons.util.ReflectionUtils.invokeMethod(ReflectionUtils.java:686)
	at org.junit.jupiter.engine.execution.MethodInvocation.proceed(MethodInvocation.java:60)
	at org.junit.jupiter.engine.execution.InvocationInterceptorChain$ValidatingInvocation.proceed(InvocationInterceptorChain.java:131)
	at org.junit.jupiter.engine.extension.TimeoutExtension.intercept(TimeoutExtension.java:149)
	at org.junit.jupiter.engine.extension.TimeoutExtension.interceptTestableMethod(TimeoutExtension.java:140)
	at org.junit.jupiter.engine.extension.TimeoutExtension.interceptTestMethod(TimeoutExtension.java:84)
	at org.junit.jupiter.engine.execution.ExecutableInvoker$ReflectiveInterceptorCall.lambda$ofVoidMethod$0(ExecutableInvoker.java:115)
	at org.junit.jupiter.engine.execution.ExecutableInvoker.lambda$invoke$0(ExecutableInvoker.java:105)
	at org.junit.jupiter.engine.execution.InvocationInterceptorChain$InterceptedInvocation.proceed(InvocationInterceptorChain.java:106)
	at org.junit.jupiter.engine.execution.InvocationInterceptorChain.proceed(InvocationInterceptorChain.java:64)
	at org.junit.jupiter.engine.execution.InvocationInterceptorChain.chainAndInvoke(InvocationInterceptorChain.java:45)
	at org.junit.jupiter.engine.execution.InvocationInterceptorChain.invoke(InvocationInterceptorChain.java:37)
	at org.junit.jupiter.engine.execution.ExecutableInvoker.invoke(ExecutableInvoker.java:104)
	at org.junit.jupiter.engine.execution.ExecutableInvoker.invoke(ExecutableInvoker.java:98)
	at org.junit.jupiter.engine.descriptor.TestMethodTestDescriptor.lambda$invokeTestMethod$6(TestMethodTestDescriptor.java:212)
	at org.junit.platform.engine.support.hierarchical.ThrowableCollector.execute(ThrowableCollector.java:73)
	at org.junit.jupiter.engine.descriptor.TestMethodTestDescriptor.invokeTestMethod(TestMethodTestDescriptor.java:208)
	at org.junit.jupiter.engine.descriptor.TestMethodTestDescriptor.execute(TestMethodTestDescriptor.java:137)
	at org.junit.jupiter.engine.descriptor.TestMethodTestDescriptor.execute(TestMethodTestDescriptor.java:71)
	at org.junit.platform.engine.support.hierarchical.NodeTestTask.lambda$executeRecursively$5(NodeTestTask.java:135)
	at org.junit.platform.engine.support.hierarchical.ThrowableCollector.execute(ThrowableCollector.java:73)
	at org.junit.platform.engine.support.hierarchical.NodeTestTask.lambda$executeRecursively$7(NodeTestTask.java:125)
	at org.junit.platform.engine.support.hierarchical.Node.around(Node.java:135)
	at org.junit.platform.engine.support.hierarchical.NodeTestTask.lambda$executeRecursively$8(NodeTestTask.java:123)
	at org.junit.platform.engine.support.hierarchical.ThrowableCollector.execute(ThrowableCollector.java:73)
	at org.junit.platform.engine.support.hierarchical.NodeTestTask.executeRecursively(NodeTestTask.java:122)
	at org.junit.platform.engine.support.hierarchical.NodeTestTask.execute(NodeTestTask.java:80)
	at java.base/java.util.ArrayList.forEach(ArrayList.java:1541)
	at org.junit.platform.engine.support.hierarchical.SameThreadHierarchicalTestExecutorService.invokeAll(SameThreadHierarchicalTestExecutorService.java:38)
	at org.junit.platform.engine.support.hierarchical.NodeTestTask.lambda$executeRecursively$5(NodeTestTask.java:139)
	at org.junit.platform.engine.support.hierarchical.ThrowableCollector.execute(ThrowableCollector.java:73)
	at org.junit.platform.engine.support.hierarchical.NodeTestTask.lambda$executeRecursively$7(NodeTestTask.java:125)
	at org.junit.platform.engine.support.hierarchical.Node.around(Node.java:135)
	at org.junit.platform.engine.support.hierarchical.NodeTestTask.lambda$executeRecursively$8(NodeTestTask.java:123)
	at org.junit.platform.engine.support.hierarchical.ThrowableCollector.execute(ThrowableCollector.java:73)
	at org.junit.platform.engine.support.hierarchical.NodeTestTask.executeRecursively(NodeTestTask.java:122)
	at org.junit.platform.engine.support.hierarchical.NodeTestTask.execute(NodeTestTask.java:80)
	at java.base/java.util.ArrayList.forEach(ArrayList.java:1541)
	at org.junit.platform.engine.support.hierarchical.SameThreadHierarchicalTestExecutorService.invokeAll(SameThreadHierarchicalTestExecutorService.java:38)
	at org.junit.platform.engine.support.hierarchical.NodeTestTask.lambda$executeRecursively$5(NodeTestTask.java:139)
	at org.junit.platform.engine.support.hierarchical.ThrowableCollector.execute(ThrowableCollector.java:73)
	at org.junit.platform.engine.support.hierarchical.NodeTestTask.lambda$executeRecursively$7(NodeTestTask.java:125)
	at org.junit.platform.engine.support.hierarchical.Node.around(Node.java:135)
	at org.junit.platform.engine.support.hierarchical.NodeTestTask.lambda$executeRecursively$8(NodeTestTask.java:123)
	at org.junit.platform.engine.support.hierarchical.ThrowableCollector.execute(ThrowableCollector.java:73)
	at org.junit.platform.engine.support.hierarchical.NodeTestTask.executeRecursively(NodeTestTask.java:122)
	at org.junit.platform.engine.support.hierarchical.NodeTestTask.execute(NodeTestTask.java:80)
	at org.junit.platform.engine.support.hierarchical.SameThreadHierarchicalTestExecutorService.submit(SameThreadHierarchicalTestExecutorService.java:32)
	at org.junit.platform.engine.support.hierarchical.HierarchicalTestExecutor.execute(HierarchicalTestExecutor.java:57)
	at org.junit.platform.engine.support.hierarchical.HierarchicalTestEngine.execute(HierarchicalTestEngine.java:51)
	at org.junit.platform.launcher.core.EngineExecutionOrchestrator.execute(EngineExecutionOrchestrator.java:108)
	at org.junit.platform.launcher.core.EngineExecutionOrchestrator.execute(EngineExecutionOrchestrator.java:88)
	at org.junit.platform.launcher.core.EngineExecutionOrchestrator.lambda$execute$0(EngineExecutionOrchestrator.java:54)
	at org.junit.platform.launcher.core.EngineExecutionOrchestrator.withInterceptedStreams(EngineExecutionOrchestrator.java:67)
	at org.junit.platform.launcher.core.EngineExecutionOrchestrator.execute(EngineExecutionOrchestrator.java:52)
	at org.junit.platform.launcher.core.DefaultLauncher.execute(DefaultLauncher.java:96)
	at org.junit.platform.launcher.core.DefaultLauncher.execute(DefaultLauncher.java:75)
	at org.gradle.api.internal.tasks.testing.junitplatform.JUnitPlatformTestClassProcessor$CollectAllTestClassesExecutor.processAllTestClasses(JUnitPlatformTestClassProcessor.java:99)
	at org.gradle.api.internal.tasks.testing.junitplatform.JUnitPlatformTestClassProcessor$CollectAllTestClassesExecutor.access$000(JUnitPlatformTestClassProcessor.java:79)
	at org.gradle.api.internal.tasks.testing.junitplatform.JUnitPlatformTestClassProcessor.stop(JUnitPlatformTestClassProcessor.java:75)
	at org.gradle.api.internal.tasks.testing.SuiteTestClassProcessor.stop(SuiteTestClassProcessor.java:61)
	at java.base/jdk.internal.reflect.NativeMethodAccessorImpl.invoke0(Native Method)
	at java.base/jdk.internal.reflect.NativeMethodAccessorImpl.invoke(NativeMethodAccessorImpl.java:62)
	at java.base/jdk.internal.reflect.DelegatingMethodAccessorImpl.invoke(DelegatingMethodAccessorImpl.java:43)
	at java.base/java.lang.reflect.Method.invoke(Method.java:566)
	at org.gradle.internal.dispatch.ReflectionDispatch.dispatch(ReflectionDispatch.java:36)
	at org.gradle.internal.dispatch.ReflectionDispatch.dispatch(ReflectionDispatch.java:24)
	at org.gradle.internal.dispatch.ContextClassLoaderDispatch.dispatch(ContextClassLoaderDispatch.java:33)
	at org.gradle.internal.dispatch.ProxyDispatchAdapter$DispatchingInvocationHandler.invoke(ProxyDispatchAdapter.java:94)
	at com.sun.proxy.$Proxy5.stop(Unknown Source)
	at org.gradle.api.internal.tasks.testing.worker.TestWorker$3.run(TestWorker.java:193)
	at org.gradle.api.internal.tasks.testing.worker.TestWorker.executeAndMaintainThreadName(TestWorker.java:129)
	at org.gradle.api.internal.tasks.testing.worker.TestWorker.execute(TestWorker.java:100)
	at org.gradle.api.internal.tasks.testing.worker.TestWorker.execute(TestWorker.java:60)
	at org.gradle.process.internal.worker.child.ActionExecutionWorker.execute(ActionExecutionWorker.java:56)
	at org.gradle.process.internal.worker.child.SystemApplicationClassLoaderWorker.call(SystemApplicationClassLoaderWorker.java:133)
	at org.gradle.process.internal.worker.child.SystemApplicationClassLoaderWorker.call(SystemApplicationClassLoaderWorker.java:71)
	at worker.org.gradle.process.internal.worker.GradleWorkerMain.run(GradleWorkerMain.java:69)
	at worker.org.gradle.process.internal.worker.GradleWorkerMain.main(GradleWorkerMain.java:74)
]]></system-err>
</testsuite>
