<?xml version="1.0" encoding="UTF-8"?>
<testsuite name="nl.tudelft.sem.activity.authentication.JwtAuthenticationEntryPointTests" tests="1" skipped="0" failures="0" errors="0" timestamp="2023-01-25T00:39:18" hostname="LAPTOP-VLADI2" time="0.074">
  <properties/>
  <testcase name="commenceTest()" classname="nl.tudelft.sem.activity.authentication.JwtAuthenticationEntryPointTests" time="0.074"/>
  <system-out><![CDATA[]]></system-out>
  <system-err><![CDATA[]]></system-err>
</testsuite>
