<?xml version="1.0" encoding="UTF-8"?>
<testsuite name="nl.tudelft.sem.activity.authentication.JwtRequestFilterTests" tests="8" skipped="0" failures="0" errors="0" timestamp="2023-01-25T00:39:18" hostname="LAPTOP-VLADI2" time="0.054">
  <properties/>
  <testcase name="correctToken()" classname="nl.tudelft.sem.activity.authentication.JwtRequestFilterTests" time="0.018"/>
  <testcase name="invalidPrefix()" classname="nl.tudelft.sem.activity.authentication.JwtRequestFilterTests" time="0.002"/>
  <testcase name="[1] throwable=class io.jsonwebtoken.ExpiredJwtException" classname="nl.tudelft.sem.activity.authentication.JwtRequestFilterTests" time="0.011"/>
  <testcase name="[2] throwable=class java.lang.IllegalArgumentException" classname="nl.tudelft.sem.activity.authentication.JwtRequestFilterTests" time="0.002"/>
  <testcase name="[3] throwable=class io.jsonwebtoken.JwtException" classname="nl.tudelft.sem.activity.authentication.JwtRequestFilterTests" time="0.002"/>
  <testcase name="invalidToken()" classname="nl.tudelft.sem.activity.authentication.JwtRequestFilterTests" time="0.002"/>
  <testcase name="noPrefix()" classname="nl.tudelft.sem.activity.authentication.JwtRequestFilterTests" time="0.001"/>
  <testcase name="nullToken()" classname="nl.tudelft.sem.activity.authentication.JwtRequestFilterTests" time="0.001"/>
  <system-out><![CDATA[]]></system-out>
  <system-err><![CDATA[]]></system-err>
</testsuite>
