<?xml version="1.0" encoding="UTF-8"?>
<testsuite name="nl.tudelft.sem.activity.ActivityNotExistsExceptionTest" tests="1" skipped="0" failures="0" errors="0" timestamp="2023-01-25T00:39:13" hostname="LAPTOP-VLADI2" time="0.004">
  <properties/>
  <testcase name="test()" classname="nl.tudelft.sem.activity.ActivityNotExistsExceptionTest" time="0.004"/>
  <system-out><![CDATA[]]></system-out>
  <system-err><![CDATA[]]></system-err>
</testsuite>
