<?xml version="1.0" encoding="UTF-8"?>
<testsuite name="nl.tudelft.sem.activity.authentication.JwtTokenVerifierTests" tests="5" skipped="0" failures="0" errors="0" timestamp="2023-01-25T00:39:18" hostname="LAPTOP-VLADI2" time="0.099">
  <properties/>
  <testcase name="validateExpiredToken()" classname="nl.tudelft.sem.activity.authentication.JwtTokenVerifierTests" time="0.09"/>
  <testcase name="parseUsername()" classname="nl.tudelft.sem.activity.authentication.JwtTokenVerifierTests" time="0.002"/>
  <testcase name="validateTokenIncorrectSignature()" classname="nl.tudelft.sem.activity.authentication.JwtTokenVerifierTests" time="0.005"/>
  <testcase name="validateNonExpiredToken()" classname="nl.tudelft.sem.activity.authentication.JwtTokenVerifierTests" time="0.002"/>
  <testcase name="validateMalformedToken()" classname="nl.tudelft.sem.activity.authentication.JwtTokenVerifierTests" time="0.0"/>
  <system-out><![CDATA[]]></system-out>
  <system-err><![CDATA[]]></system-err>
</testsuite>
