<?xml version="1.0" encoding="UTF-8"?>
<testsuite name="nl.tudelft.sem.activity.OrganizerTest" tests="5" skipped="0" failures="0" errors="0" timestamp="2023-01-25T00:39:17" hostname="LAPTOP-VLADI2" time="0.001">
  <properties/>
  <testcase name="constructorTest()" classname="nl.tudelft.sem.activity.OrganizerTest" time="0.0"/>
  <testcase name="equalsTest()" classname="nl.tudelft.sem.activity.OrganizerTest" time="0.001"/>
  <testcase name="toStringTest()" classname="nl.tudelft.sem.activity.OrganizerTest" time="0.0"/>
  <testcase name="hashCodeTest()" classname="nl.tudelft.sem.activity.OrganizerTest" time="0.0"/>
  <testcase name="toStringTest2()" classname="nl.tudelft.sem.activity.OrganizerTest" time="0.0"/>
  <system-out><![CDATA[]]></system-out>
  <system-err><![CDATA[]]></system-err>
</testsuite>
