<?xml version="1.0" encoding="UTF-8"?>
<testsuite name="nl.tudelft.sem.activity.ResponseBuilderTest" tests="6" skipped="0" failures="0" errors="0" timestamp="2023-01-25T00:39:17" hostname="LAPTOP-VLADI2" time="0.002">
  <properties/>
  <testcase name="constructorTest()" classname="nl.tudelft.sem.activity.ResponseBuilderTest" time="0.0"/>
  <testcase name="buildTest()" classname="nl.tudelft.sem.activity.ResponseBuilderTest" time="0.0"/>
  <testcase name="setResponderNameTest()" classname="nl.tudelft.sem.activity.ResponseBuilderTest" time="0.0"/>
  <testcase name="setResponseOptionTest()" classname="nl.tudelft.sem.activity.ResponseBuilderTest" time="0.0"/>
  <testcase name="getResponderNameTest()" classname="nl.tudelft.sem.activity.ResponseBuilderTest" time="0.0"/>
  <testcase name="getResponseOptionTest()" classname="nl.tudelft.sem.activity.ResponseBuilderTest" time="0.0"/>
  <system-out><![CDATA[]]></system-out>
  <system-err><![CDATA[]]></system-err>
</testsuite>
