<?xml version="1.0" encoding="UTF-8"?>
<testsuite name="nl.tudelft.sem.activity.ResponsesAttributeConverterTest" tests="4" skipped="0" failures="0" errors="0" timestamp="2023-01-25T00:39:17" hostname="LAPTOP-VLADI2" time="0.001">
  <properties/>
  <testcase name="convertToEntityAttributeTest()" classname="nl.tudelft.sem.activity.ResponsesAttributeConverterTest" time="0.0"/>
  <testcase name="convertToDatabaseColumnTest()" classname="nl.tudelft.sem.activity.ResponsesAttributeConverterTest" time="0.0"/>
  <testcase name="convertToDatabaseColumnTest0()" classname="nl.tudelft.sem.activity.ResponsesAttributeConverterTest" time="0.001"/>
  <testcase name="convertToDatabaseColumnTest1()" classname="nl.tudelft.sem.activity.ResponsesAttributeConverterTest" time="0.0"/>
  <system-out><![CDATA[[GOING vladi,NOT_INTERESTED rafa,INTERESTED alex]
[]
[GOING vladi]
]]></system-out>
  <system-err><![CDATA[]]></system-err>
</testsuite>
